20221015	21:39:56	6772fa6b-2188-4f28-a0e1-02b5802c9cdb	Error: Not allowed by CORS	OPTIONS	/auth	http://localhost:3000
20221015	21:45:32	422fc6cb-3440-405b-871e-36871a16675d	Error: Not allowed by CORS	OPTIONS	/auth	http://localhost:3000
20221015	21:47:12	8f6b24ca-989c-48b9-a4f0-dc49984143cd	Error: Not allowed by CORS	OPTIONS	/	https://web.postman.co
20221015	21:50:38	df5038b6-0b3d-4305-990f-17766cf91f80	Error: Not allowed by CORS	OPTIONS	/auth	http://localhost:3000
20221015	22:48:46	e01ad1c0-3364-491d-a963-786838af2e2a	SyntaxError: Unexpected token m in JSON at position 19	POST	/user	undefined
20221015	22:49:10	28af1477-8df8-4c1f-bd30-b950636cc143	SyntaxError: Unexpected token m in JSON at position 19	POST	/user	undefined
20221015	22:51:23	580d6d13-4a6a-4e06-87dd-6ad231edd65d	SyntaxError: Unexpected token E in JSON at position 72	POST	/user	undefined
20221016	11:59:25	efe797af-7d16-4786-9806-0b8cfa8d835a	Error: Not allowed by CORS	OPTIONS	/auth	http://localhost:3000
20221016	12:00:18	6a187fc3-8275-4c71-95ae-f947aaa0cc16	Error: Not allowed by CORS	OPTIONS	/auth	http://localhost:3000
20221016	12:39:31	5a823d75-6bad-4c52-9b4f-b77147fa3358	Error: Not allowed by CORS	OPTIONS	/auth	http://localhost:3000
20221016	15:43:14	d537b3dd-7da2-4cd0-a99a-0701a60f4fdc	Error: Not allowed by CORS	GET	/users	http://localhost:3000
20221016	15:44:15	b58f3386-5d7f-4a7d-93f3-daa7e193850b	Error: Not allowed by CORS	GET	/users	http://localhost:3000
20221016	15:44:47	c06d5e94-9495-4c5a-825e-8faaef663c30	Error: Not allowed by CORS	OPTIONS	/auth	http://localhost:3000
20221016	15:45:16	1edfbf69-50cc-4a8a-a3b0-4bccb6247ae9	Error: Not allowed by CORS	GET	/users	http://localhost:3000
20221016	15:45:23	7eb094a8-6842-43c9-aefa-8ae5420364af	Error: Not allowed by CORS	OPTIONS	/auth	http://localhost:3000
20221016	15:46:17	d734e417-2981-445d-9c7e-f47890e63ec0	Error: Not allowed by CORS	GET	/users	http://localhost:3000
20221016	15:46:29	db8dee7d-14f1-4b95-9f98-85e4a4894720	Error: Not allowed by CORS	GET	/users	http://localhost:3000
20221016	16:54:13	10b153f3-0e1a-4e70-b70e-f49043cfc995	Error: Not allowed by CORS	OPTIONS	/auth	http://localhost:3000
20221016	16:55:14	66665bd8-f143-4b61-a1f1-6d38287d8bd0	Error: Not allowed by CORS	OPTIONS	/auth	http://localhost:3000
20221019	23:17:57	85b03f74-ac06-489e-84a7-8c607ad626b8	Error: Not allowed by CORS	OPTIONS	/auth	http://localhost:3000
20221019	23:17:59	d9e46c2b-88cd-4160-a019-5bfe8ac79a87	Error: Not allowed by CORS	OPTIONS	/auth	http://localhost:3000
20221019	23:17:59	3a820aac-fb3f-486e-a9b7-4529b78126d2	Error: Not allowed by CORS	OPTIONS	/auth	http://localhost:3000
20221019	23:18:05	e7a4c098-3ab5-48fc-8cd4-57dee327873f	Error: Not allowed by CORS	OPTIONS	/auth	http://localhost:3000
20221019	23:18:05	d1cc1b3a-3abf-457b-8bb4-d2d055864bd6	Error: Not allowed by CORS	OPTIONS	/auth	http://localhost:3000
20221022	12:32:28	f1e23fe4-dcab-4d9d-b052-b7549a01f881	Error: Not allowed by CORS	OPTIONS	/auth	http://localhost:3000
20221022	12:33:15	228dae9e-10d5-42f1-b978-5cd40ea23356	Error: Not allowed by CORS	OPTIONS	/auth	http://localhost:3000
20221022	12:35:17	a80041fe-8c66-4101-91aa-7237debed79a	Error: Not allowed by CORS	OPTIONS	/auth	http://localhost:3000
20221022	12:52:54	06deb905-9665-4d89-9086-0d563eab3442	Error: Not allowed by CORS	OPTIONS	/auth	http://localhost:3000
20221031	12:27:30	61bc3333-148f-4012-943b-8f087acbf8e4	SyntaxError: Unexpected token = in JSON at position 11	POST	/auth/regsiter	undefined
20221106	13:18:03	37fe9173-af16-492f-a2d5-05640161e22c	Error: Not allowed by CORS	OPTIONS	/auth	http://localhost:3000
20221106	13:18:18	8a29f024-9c57-4c6f-83b8-e57e94583598	Error: Not allowed by CORS	OPTIONS	/auth	http://localhost:3000
20221106	13:18:22	11619947-54ed-42f6-9b00-fb63cd68decd	Error: Not allowed by CORS	OPTIONS	/auth	http://localhost:3000
20221106	13:18:27	4b7dadbb-5720-4c61-a291-53dfee9a1d51	Error: Not allowed by CORS	OPTIONS	/auth	http://localhost:3000
20221106	13:18:32	1b241106-9b78-4ae3-a305-c5cddbc0381a	Error: Not allowed by CORS	OPTIONS	/auth	http://localhost:3000
20221106	13:20:52	5f7efc28-94dc-4026-aac7-16ba48ffcfa8	Error: Not allowed by CORS	OPTIONS	/auth	http://localhost:3000
20221106	13:21:30	57a9af93-2dba-4440-8d4d-e79909069f0a	Error: Not allowed by CORS	OPTIONS	/auth	http://localhost:3000
20221106	13:21:40	91c25753-b3f0-48e4-84e5-2a6e5e530a45	Error: Not allowed by CORS	OPTIONS	/auth	http://localhost:3000
20221106	13:21:41	e9e0711e-c1fb-4c52-8971-1dfbc7006d43	Error: Not allowed by CORS	OPTIONS	/auth	http://localhost:3000
20221106	13:21:45	50e40d9e-dd81-4c6e-b02c-92cbc0a077b2	Error: Not allowed by CORS	OPTIONS	/auth	http://localhost:3000
20221129	19:39:54	bed74ddc-33af-4028-bae9-dfd4855a78ba	Error: Not allowed by CORS	OPTIONS	/auth	http://localhost:3001
20221129	19:39:55	c41f58da-47f9-4d35-9abc-10fcd1efa53f	Error: Not allowed by CORS	OPTIONS	/auth	http://localhost:3001
20221129	19:40:11	b525ec91-b8db-42df-a9c8-f979175a321f	Error: Not allowed by CORS	OPTIONS	/auth	http://localhost:3001
20221129	19:40:16	e658ed84-c4ed-4ed6-a8f5-d9a8e9f32ade	Error: Not allowed by CORS	OPTIONS	/auth	http://localhost:3001
20221129	19:41:05	ed336594-2540-4ed0-8f45-92cc70776bf2	Error: Not allowed by CORS	OPTIONS	/auth	http://localhost:3001
20221129	19:41:26	c5fe84f8-0087-4648-81a0-7e3fa2322458	Error: Not allowed by CORS	OPTIONS	/auth	http://localhost:3001
20230101	21:02:08	6020c0c9-da97-4761-9880-a48ec179bb04	ReferenceError: title is not defined	POST	/notes	http://localhost:3000
20230101	21:02:19	e4db2028-7095-4484-a97e-d94c547760ab	ReferenceError: title is not defined	POST	/notes	http://localhost:3000
20230101	21:03:31	9b40ff7f-f667-4284-9f1c-98740f745ec8	ReferenceError: title is not defined	POST	/notes	http://localhost:3000
20230101	21:06:04	1f5f4eee-b516-4eb7-84b0-e8d7826981f8	ReferenceError: title is not defined	POST	/notes	http://localhost:3000
20230101	21:07:40	7372cb41-c046-4326-89bb-dd1591b5986b	ReferenceError: title is not defined	POST	/notes	http://localhost:3000
20230101	21:09:29	82c0efca-99f1-48b5-8fb4-2b18683a2620	ValidationError: Note validation failed: user: Cast to ObjectId failed for value "mhmt" (type string) at path "user" because of "BSONTypeError", gumrukBilgi: Path `gumrukBilgi` is required.	POST	/notes	http://localhost:3000
20230101	21:16:09	bb0385d3-3fe3-446c-b045-39feed64f8bc	ValidationError: Note validation failed: user: Cast to ObjectId failed for value "mhmt" (type string) at path "user" because of "BSONTypeError", gumrukBilgi: Path `gumrukBilgi` is required.	POST	/notes	http://localhost:3000
20230101	21:18:02	8e6e1e0e-be50-42f5-b25e-452d8e9b0fe4	ValidationError: Note validation failed: user: Cast to ObjectId failed for value "mhmt" (type string) at path "user" because of "BSONTypeError", gumrukBilgi: Path `gumrukBilgi` is required.	POST	/notes	http://localhost:3000
20230101	21:30:02	6ce55829-de39-4cf2-b52d-aedd19557a37	ReferenceError: title is not defined	PATCH	/notes	http://localhost:3000
20230101	22:45:23	83fbf939-75d2-42db-bfbc-0ad32916e65c	ReferenceError: title is not defined	PATCH	/notes	http://localhost:3000
20230101	22:46:54	0347e857-ded4-4116-b25d-1efd625a2cf5	ReferenceError: title is not defined	PATCH	/notes	http://localhost:3000
20230101	22:48:12	09e3e261-d4b3-44e4-985d-4eb4e69f70d3	ReferenceError: title is not defined	PATCH	/notes	http://localhost:3000
20230103	22:03:26	ed69f1c4-d795-4730-8baa-ad12c09840b0	ReferenceError: getiren is not defined	PATCH	/cikis	http://localhost:3000
20230103	22:04:10	3b87c3f5-d832-490c-9bf5-be7e4ccf73d4	ReferenceError: getiren is not defined	PATCH	/cikis	http://localhost:3000
20230103	22:04:51	0b24a621-ebc1-4675-b8b0-17848febb802	ReferenceError: getiren is not defined	PATCH	/cikis	http://localhost:3000
20230109	21:38:03	c925125c-7a13-4313-b943-481c5cab4305	TypeError: Note.aggregate(...).lean is not a function	GET	/notes	http://localhost:3000
20230109	21:38:19	5b99b9f3-93ba-4fce-bbfe-0504f374f7e3	TypeError: Note.aggregate(...).lean is not a function	GET	/notes	http://localhost:3000
20230109	21:38:31	651bdd4d-c93a-43ce-b377-6b43f06b28f4	TypeError: Note.aggregate(...).lean is not a function	GET	/notes	http://localhost:3000
20230109	21:38:34	44b7b6ae-58e5-4d10-9f42-791b87650016	TypeError: Note.aggregate(...).lean is not a function	GET	/notes	http://localhost:3000
20230109	21:38:35	a2093387-6bb8-4f71-ae7c-20d76e3ae497	TypeError: Note.aggregate(...).lean is not a function	GET	/notes	http://localhost:3000
20230109	21:38:48	9bbfa63b-3d87-4a67-89c7-daf1361d482c	TypeError: Note.aggregate(...).lean is not a function	GET	/notes	http://localhost:3000
20230109	21:38:51	9acdf23e-375b-404c-8034-b2637883bf71	TypeError: Note.aggregate(...).lean is not a function	GET	/notes	http://localhost:3000
20230109	21:49:21	08734b24-18a6-4fcf-b8e4-0e374b61d3bf	ReferenceError: Cannot access 'notes' before initialization	GET	/notes	http://localhost:3000
20230109	21:49:24	30bb5554-39c5-4d1f-8a97-c094fca7116f	ReferenceError: Cannot access 'notes' before initialization	GET	/notes	http://localhost:3000
20230109	21:49:28	ecde15d2-359c-4e8a-bd9d-05213a417da6	ReferenceError: Cannot access 'notes' before initialization	GET	/notes	http://localhost:3000
20230109	21:49:28	67ca6add-4d52-47fe-a726-feae6bf3538e	ReferenceError: Cannot access 'notes' before initialization	GET	/notes	http://localhost:3000
20230109	21:49:40	06acd11a-b432-479b-82d8-99ed067315f3	ReferenceError: Cannot access 'notes' before initialization	GET	/notes	http://localhost:3000
20230109	21:49:44	f147bb9f-5ec2-43c1-97ad-fb73d58d7e34	ReferenceError: Cannot access 'notes' before initialization	GET	/notes	http://localhost:3000
20230109	21:49:44	ca0265eb-7270-4d79-9b09-6353644275c9	ReferenceError: Cannot access 'notes' before initialization	GET	/notes	http://localhost:3000
20230109	21:49:50	2dd6a16e-28b8-4a7e-a4ba-443fc8b7b964	ReferenceError: Cannot access 'notes' before initialization	GET	/notes	http://localhost:3000
20230109	21:50:00	3191af0e-e562-4537-bf3e-0c838e466562	ReferenceError: Cannot access 'notes' before initialization	GET	/notes	http://localhost:3000
20230109	21:50:02	71c5242b-3cf0-4f6f-8ed7-010aecf0ba50	ReferenceError: Cannot access 'notes' before initialization	GET	/notes	http://localhost:3000
20230109	21:50:05	bd544df3-beb3-488c-a2a9-ac15dffd91f0	ReferenceError: Cannot access 'notes' before initialization	GET	/notes	http://localhost:3000
20230109	21:50:16	bfc717be-5987-41c1-83f3-57e481fc041d	ReferenceError: Cannot access 'notes' before initialization	GET	/notes	http://localhost:3000
20230109	21:50:18	9d0dcc35-5a17-45f3-8c6a-d3a6c3905de4	ReferenceError: Cannot access 'notes' before initialization	GET	/notes	http://localhost:3000
20230109	21:50:21	073f6a50-bb3c-4720-8eb8-7b539198a318	ReferenceError: Cannot access 'notes' before initialization	GET	/notes	http://localhost:3000
20230109	21:50:32	643c2b34-2d6c-48db-a8d2-f507e8682cf6	ReferenceError: Cannot access 'notes' before initialization	GET	/notes	http://localhost:3000
20230109	21:50:34	392ca104-cf75-46f7-a10a-8014ce67ea44	ReferenceError: Cannot access 'notes' before initialization	GET	/notes	http://localhost:3000
20230109	21:50:36	a787e771-973c-4390-b960-7b071c6363d2	ReferenceError: Cannot access 'notes' before initialization	GET	/notes	http://localhost:3000
20230113	23:14:00	597babcc-021b-44c5-8c9d-8eec6812f7c0	TypeError: Cannot read properties of undefined (reading 'get')	GET	/rapor/?page=1	http://localhost:3000
20230113	23:14:53	c41842f2-cf07-4c70-aeec-f5022495e7f1	TypeError: Cannot read properties of undefined (reading 'get')	GET	/rapor/?page=1	http://localhost:3000
20230120	00:52:06	dc849936-0dd6-44ae-ab9b-30ef379b383a	Error: Not allowed by CORS	OPTIONS	/auth	https://akbaslartirparki.com
20230120	00:52:08	2ad38807-36f2-489b-9722-7fdab5fcb476	Error: Not allowed by CORS	OPTIONS	/auth	https://akbaslartirparki.com
20230120	00:55:58	a650ab9e-c2b7-477c-8114-efc1a24867b4	Error: Not allowed by CORS	OPTIONS	/auth	https://akbaslartirparki.com
20230121	18:29:20	2510aef3-c600-4567-ac8a-2051b93d709e	TypeError: Assignment to constant variable.	PATCH	/cikis	http://localhost:3000
20230121	18:46:27	9ead26fe-8bd3-4ede-b170-6093d177869b	TypeError: fromObj.toObject is not a function	PATCH	/cikis	http://localhost:3000
20230121	18:47:18	2af503f6-5b5d-45c0-b0d4-02566588edfd	TypeError: fromObj.toObject is not a function	PATCH	/cikis	http://localhost:3000
20230121	18:50:32	f1f21909-e57e-4ec1-b213-ceca1e6b1d1e	TypeError: fromObj.toObject is not a function	PATCH	/cikis	http://localhost:3000
20230121	18:51:30	53c807e5-59b8-41c5-b618-668918311705	TypeError: fromObj.toObject is not a function	PATCH	/cikis	http://localhost:3000
20230125	20:47:26	3f8c3a79-940b-4083-bdda-da47db8d6bf3	CastError: Cast to ObjectId failed for value "undefined" (type string) at path "_id" for model "Note"	GET	/rapor/undefined	http://localhost:3000
20230129	13:30:59	71242f37-58fd-4891-b488-4417f2b47d55	ValidationError: User validation failed: fullName: Path `fullName` is required.	PATCH	/users	http://localhost:3000
20230129	13:31:34	1fc765a9-9695-49ee-b87f-f1b90545fc24	ValidationError: User validation failed: fullName: Path `fullName` is required.	PATCH	/users	http://localhost:3000
20230129	13:51:48	459a3beb-a4b0-40cb-b032-0fd0f9d47f7c	Too Many Requests: Too many login attempts from this IP, please try again after a 60 second pause	POST	/	http://localhost:3000
20230130	22:23:19	ccba2885-4fcc-4342-94b6-b29726e0b9fc	ValidationError: User validation failed: fullName: Path `fullName` is required.	PATCH	/users	http://localhost:3000
20230130	22:24:32	b9922e99-b9e3-4670-85fc-c921af743397	ValidationError: User validation failed: fullName: Path `fullName` is required.	PATCH	/users	http://localhost:3000
20230130	22:26:15	a7b52b77-c1fc-4d4f-a7fd-9a9f69bf6476	ValidationError: User validation failed: fullName: Path `fullName` is required.	PATCH	/users	http://localhost:3000
20230130	22:26:29	89c68771-83ef-401b-b108-7139eecf0ae9	ValidationError: User validation failed: fullName: Path `fullName` is required.	PATCH	/users	http://localhost:3000
20230130	22:26:44	d61fd665-afc2-44e2-84ec-8b24e1d00835	ValidationError: User validation failed: fullName: Path `fullName` is required.	PATCH	/users	http://localhost:3000
20230130	22:26:52	378f0aba-6ed1-4d82-a450-fe4f38236d9e	ValidationError: User validation failed: fullName: Path `fullName` is required.	PATCH	/users	http://localhost:3000
20230130	22:27:00	f8663fda-d2f7-4c09-a6d4-b38eb7368907	ValidationError: User validation failed: fullName: Path `fullName` is required.	PATCH	/users	http://localhost:3000
20230130	22:30:41	3e7cd91a-ff07-4191-b741-b89a674f3d4f	ValidationError: User validation failed: fullName: Path `fullName` is required.	PATCH	/users	http://localhost:3000
20230130	22:30:47	be69d08f-e406-4738-a569-2f9688bfc494	ValidationError: User validation failed: fullName: Path `fullName` is required.	PATCH	/users	http://localhost:3000
20230130	22:30:54	c86cb245-5b62-4409-8d1e-4c145c1553f7	ValidationError: User validation failed: fullName: Path `fullName` is required.	PATCH	/users	http://localhost:3000
20230130	22:31:08	11995d61-d140-4eb6-9021-ed453cac66cf	ValidationError: User validation failed: fullName: Path `fullName` is required.	PATCH	/users	http://localhost:3000
20230130	22:31:15	b5413294-7652-4ada-a2f3-99608f598e9f	ValidationError: User validation failed: fullName: Path `fullName` is required.	PATCH	/users	http://localhost:3000
20230130	22:31:26	cc58b7e3-de55-469c-a500-8c1675f9b3c3	ValidationError: User validation failed: fullName: Path `fullName` is required.	PATCH	/users	http://localhost:3000
20230130	22:31:30	2c1fe6ef-d404-483a-81d1-83bcd03a279f	ValidationError: User validation failed: fullName: Path `fullName` is required.	PATCH	/users	http://localhost:3000
20230130	22:31:34	bcff25ea-04dc-41af-8c50-ba8a08e5d284	ValidationError: User validation failed: fullName: Path `fullName` is required.	PATCH	/users	http://localhost:3000
20230130	22:32:02	05a8a9f7-07c1-4238-b883-0457f4d35fe9	ValidationError: User validation failed: fullName: Path `fullName` is required.	PATCH	/users	http://localhost:3000
20230130	22:32:06	95ada151-af2d-42e6-be6e-b18186f8288d	ValidationError: User validation failed: fullName: Path `fullName` is required.	PATCH	/users	http://localhost:3000
20230130	22:32:13	bf449089-320d-42f4-b8a9-4d4e67640e43	ValidationError: User validation failed: fullName: Path `fullName` is required.	PATCH	/users	http://localhost:3000
20230311	10:21:17	21b2cb65-ccb1-4046-8b23-e78b68a96cd7	ValidationError: Note validation failed: getiren: Path `getiren` is required., dorse: Path `dorse` is required.	PATCH	/notes	http://localhost:3000
20230312	13:40:17	76ae4162-6396-4a91-8a02-4e6b8d45d952	TypeError: query.count is not a function	GET	/rapor?page=1	http://localhost:3000
20230312	13:40:41	1c133e8b-d507-48b5-a2c7-6da04efa964e	TypeError: query.count is not a function	GET	/rapor?page=1	http://localhost:3000
20230312	18:31:05	05c07f98-9c99-4ced-8866-9fcece8d1e1c	ValidationError: Note validation failed: girisTarihi: Cast to date failed for value "1.678.635.064.879" (type string) at path "girisTarihi"	POST	/notes	http://localhost:3000
20230312	18:31:09	f963387a-c2fb-43e4-85eb-122112e067de	ValidationError: Note validation failed: gumrukBilgiTarihi: Cast to date failed for value "1.678.635.069.592" (type string) at path "gumrukBilgiTarihi"	PATCH	/gumrukBilgi	http://localhost:3000
20230312	18:32:49	8c36d083-f2bf-46ce-a4ad-acaec15c4c06	ValidationError: Note validation failed: gumrukBilgiTarihi: Cast to date failed for value "1.678.635.169.319" (type string) at path "gumrukBilgiTarihi"	PATCH	/gumrukBilgi	http://localhost:3000
20230312	18:35:22	95c79862-801d-460b-a70b-e940bc4c792e	ValidationError: Note validation failed: gumrukBilgiTarihi: Cast to date failed for value "1.678.635.322.790" (type string) at path "gumrukBilgiTarihi"	PATCH	/gumrukBilgi	http://localhost:3000
20230312	18:35:33	1b4c0f15-178d-4b29-a862-289898dc3cfe	ValidationError: Note validation failed: gumrukBilgiTarihi: Cast to date failed for value "1.678.635.333.769" (type string) at path "gumrukBilgiTarihi"	PATCH	/gumrukBilgi	http://localhost:3000
20230312	18:37:36	cc7f87ad-8b76-4897-80ce-8da0c702933b	ValidationError: Note validation failed: gumrukBilgiTarihi: Cast to date failed for value "1.678.635.456.650" (type string) at path "gumrukBilgiTarihi"	PATCH	/gumrukBilgi	http://localhost:3000
20230312	18:40:16	a9eb1925-cb5c-4cc5-8445-71d521743d04	ValidationError: Note validation failed: gumrukBilgiTarihi: Cast to date failed for value "1.678.635.616.435" (type string) at path "gumrukBilgiTarihi"	PATCH	/gumrukBilgi	http://localhost:3000
20230312	18:42:29	c47fb0b8-0ac4-40cf-be7a-fa8510519298	ValidationError: Note validation failed: gumrukBilgiTarihi: Cast to date failed for value "1.678.635.749.403" (type string) at path "gumrukBilgiTarihi"	PATCH	/gumrukBilgi	http://localhost:3000
20230312	18:43:45	b4771dee-d076-490b-95e5-01bee198a4a6	ValidationError: Note validation failed: gumrukBilgiTarihi: Cast to date failed for value "1.678.635.825.385" (type string) at path "gumrukBilgiTarihi"	PATCH	/gumrukBilgi	http://localhost:3000
20230312	18:44:18	a5dd690b-0d06-4ca9-8b8e-c356363fc604	ValidationError: Note validation failed: gumrukBilgiTarihi: Cast to date failed for value "1.678.635.858.982" (type string) at path "gumrukBilgiTarihi"	PATCH	/gumrukBilgi	http://localhost:3000
20230312	18:45:58	53e30177-fef0-4284-8526-533a0760bf14	ValidationError: Note validation failed: gumrukBilgiTarihi: Cast to date failed for value "1.678.635.958.221" (type string) at path "gumrukBilgiTarihi"	PATCH	/gumrukBilgi	http://localhost:3000
20230312	19:21:50	5a24f6dc-e25d-4038-b273-46a7ed06c44f	ValidationError: Note validation failed: guncellemeTarihi: Cast to date failed for value "1.678.638.110.366" (type string) at path "guncellemeTarihi"	PATCH	/notes	http://localhost:3000
20230312	19:25:13	ca67d00a-5a4f-42b2-aac7-1af7597c1697	ValidationError: Note validation failed: guncellemeTarihi: Cast to date failed for value "1.678.638.313.028" (type string) at path "guncellemeTarihi"	PATCH	/notes	http://localhost:3000
20230312	19:25:29	8d85ee1c-206e-4581-a517-e74c3198bf0a	ValidationError: Note validation failed: guncellemeTarihi: Cast to date failed for value "1.678.638.329.969" (type string) at path "guncellemeTarihi"	PATCH	/notes	http://localhost:3000
20230312	19:25:45	8ec98d4a-b769-41d4-8ac6-5d9a3eec1eaa	ValidationError: Note validation failed: guncellemeTarihi: Cast to date failed for value "1.678.638.345.919" (type string) at path "guncellemeTarihi"	PATCH	/notes	http://localhost:3000
20230312	19:28:20	5958c595-a5ae-4669-b302-f73f335a5327	ValidationError: Note validation failed: cikisTarihi: Cast to date failed for value "1.678.638.499.989" (type string) at path "cikisTarihi"	PATCH	/cikis	http://localhost:3000
20230312	20:08:00	d4c43fb4-4de5-4000-b2ed-dddd583f4133	ValidationError: Note validation failed: cikisTarihi: Cast to date failed for value "1.678.640.880.140" (type string) at path "cikisTarihi"	PATCH	/cikis	http://localhost:3000
20230312	20:08:07	0e139c2d-48df-4eeb-a135-273c8379166d	ValidationError: Note validation failed: cikisTarihi: Cast to date failed for value "1.678.640.887.908" (type string) at path "cikisTarihi"	PATCH	/cikis	http://localhost:3000
20230312	20:13:58	00b2e4ec-d54a-489c-8426-3d107c949679	ReferenceError: girisTarihi is not defined	POST	/notes	http://localhost:3000
20230312	20:15:19	f8826084-e900-40ae-b87e-0562f52757ce	ReferenceError: girisTarihi is not defined	POST	/notes	http://localhost:3000
20230312	20:16:31	493e43cb-61bc-4a0c-8bf1-805a8b929ade	ReferenceError: girisTarihi is not defined	POST	/notes	http://localhost:3000
