20230319	18:54:09	fab1dbd2-7c1a-4f05-9744-5834d9f0ffbf	OPTIONS	/notes	http://localhost:3000
20230319	18:54:09	dcf5456d-168c-4b3c-a9a8-1563692ace1b	GET	/notes	http://localhost:3000
20230319	18:54:25	0c2d72a8-ba9c-41d0-9251-13c9b51563db	OPTIONS	/notes	http://localhost:3000
20230319	18:54:25	c3075cfa-c7eb-4929-950e-9b5f5f56ddeb	GET	/notes	http://localhost:3000
20230319	18:54:41	715ac7db-7e93-4db9-b1db-083157440ef6	OPTIONS	/notes	http://localhost:3000
20230319	18:54:41	3e59ec63-276f-43ba-9ad0-8e09ff1fae19	GET	/notes	http://localhost:3000
20230319	18:54:57	28ff5a01-a73f-4016-b9af-a88321124889	OPTIONS	/notes	http://localhost:3000
20230319	18:54:57	cae6080b-b310-4608-8066-2dcc07f53a9c	GET	/notes	http://localhost:3000
20230319	18:55:13	bdba33ae-3707-41af-8ba0-fd3a2a2256cc	OPTIONS	/notes	http://localhost:3000
20230319	18:55:13	52bbcf3f-39f7-4bdf-9e55-db79365712f5	GET	/notes	http://localhost:3000
20230319	18:55:29	2e27df34-7733-4e11-866b-5f60db377744	OPTIONS	/notes	http://localhost:3000
20230319	18:55:29	a57142ba-9745-49bc-8dff-0b65e80e513e	GET	/notes	http://localhost:3000
20230319	18:55:45	b2259281-166d-448c-9c15-fed47075ef93	OPTIONS	/notes	http://localhost:3000
20230319	18:55:45	23c8d32f-293f-4c6c-acec-47377db5da18	GET	/notes	http://localhost:3000
20230319	18:56:02	3a4c0ac0-f35a-4858-a922-943c966297a0	OPTIONS	/notes	http://localhost:3000
20230319	18:56:02	0f4d6b2c-4ffd-4b29-99dc-fcdbe56305bb	GET	/notes	http://localhost:3000
20230319	18:56:18	3c8fac94-2059-4b70-872a-22aed849c03f	OPTIONS	/notes	http://localhost:3000
20230319	18:56:18	1fc49d35-a639-48bd-8bb2-6be7351a3896	GET	/notes	http://localhost:3000
20230319	18:56:34	d46e4390-f0d4-4e88-be50-52e115aac3ed	OPTIONS	/notes	http://localhost:3000
20230319	18:56:34	dd507aa4-97d4-4233-bf5f-6e012d32a6a6	GET	/notes	http://localhost:3000
20230319	18:56:50	903863ae-2d8f-4343-91c9-59e50b735fb0	OPTIONS	/notes	http://localhost:3000
20230319	18:56:50	89bf061b-402f-4d1f-99ea-1c0d03205789	GET	/notes	http://localhost:3000
20230319	18:57:06	e36c3f30-b741-4636-9c23-b18203fe281b	OPTIONS	/notes	http://localhost:3000
20230319	18:57:06	bb046399-32d4-4bc5-9196-5c32eb7dce0e	GET	/notes	http://localhost:3000
20230319	18:57:22	031214cd-379c-476f-aaac-6428dac79406	OPTIONS	/notes	http://localhost:3000
20230319	18:57:22	da7bdf38-1519-4120-bf8d-8b82df9758ad	GET	/notes	http://localhost:3000
20230319	18:57:38	0414ec9b-2e3d-4d36-81f2-e1c93c20975f	OPTIONS	/notes	http://localhost:3000
20230319	18:57:38	a8f49b50-effc-48ba-aeea-1c38993d4e31	GET	/notes	http://localhost:3000
20230319	18:57:54	b42d70bf-d57b-4cbc-85a7-9a1205d43684	OPTIONS	/notes	http://localhost:3000
20230319	18:57:54	8da01120-707f-4b4c-97ab-1885fa33177b	GET	/notes	http://localhost:3000
20230319	18:58:10	7df878b7-b8fb-4527-9cc3-ee2ec213a9a4	OPTIONS	/notes	http://localhost:3000
20230319	18:58:10	b3d63d0f-27c1-4367-82ca-60801cec2564	GET	/notes	http://localhost:3000
20230319	18:58:26	d0b4699e-ca67-4b22-a920-60a62e4800a1	OPTIONS	/notes	http://localhost:3000
20230319	18:58:26	9cc9e0d3-be2e-42d6-93c4-01033201f086	GET	/notes	http://localhost:3000
20230319	18:58:42	253e1323-7f8c-4d11-8e18-0c4149e5b9d2	OPTIONS	/notes	http://localhost:3000
20230319	18:58:42	fd440a6d-979c-435c-ae8b-3b4907e73a01	GET	/notes	http://localhost:3000
20230319	18:58:58	2b6d4e74-0d95-44ee-bac6-fab4ecdcc9f3	OPTIONS	/notes	http://localhost:3000
20230319	18:58:58	16f1765a-6b1c-4fe8-9cca-e2402d158fbd	GET	/notes	http://localhost:3000
20230319	18:59:14	04f12952-75a8-46fe-9aff-af984c9d2755	OPTIONS	/notes	http://localhost:3000
20230319	18:59:14	13904028-f25e-4bb7-a1a1-b242b8cf5237	GET	/notes	http://localhost:3000
20230319	18:59:30	9ec6bca1-5e67-4f37-8cd0-83100471d2a2	OPTIONS	/notes	http://localhost:3000
20230319	18:59:30	0f15e492-f9f8-43c1-9772-bd3630f2c360	GET	/notes	http://localhost:3000
20230319	18:59:46	56deb5fb-1582-43a4-b095-f2225da6f657	OPTIONS	/notes	http://localhost:3000
20230319	18:59:46	cb2f7c19-8422-49a5-adc9-6bf334ade4ae	GET	/notes	http://localhost:3000
20230319	19:00:02	092f6c3f-7c2c-4821-b31f-97f7eca8b3bc	OPTIONS	/notes	http://localhost:3000
20230319	19:00:02	1d9b3bdf-144d-4ceb-844f-276120c5a24b	GET	/notes	http://localhost:3000
20230319	19:00:18	935b9fad-3c64-4185-8f8a-f1d0448ac279	OPTIONS	/notes	http://localhost:3000
20230319	19:00:18	b423df30-10ca-4ac3-b88e-1e0697617eaf	GET	/notes	http://localhost:3000
20230319	19:00:34	28c9fdd9-abba-4443-b48c-398335ebb007	OPTIONS	/notes	http://localhost:3000
20230319	19:00:34	f50facab-31c3-443b-a24f-108720630e94	GET	/notes	http://localhost:3000
20230319	19:00:50	c2438a21-1c0b-4941-a778-f7abf63c0ea7	OPTIONS	/notes	http://localhost:3000
20230319	19:00:50	79eaee0c-b461-4cbd-8955-0c646b668374	GET	/notes	http://localhost:3000
20230319	19:01:06	3f91dd3b-db2f-4c51-af7c-faad6c9dcd1a	OPTIONS	/notes	http://localhost:3000
20230319	19:01:06	bc94e643-561b-477c-ba72-074ebbf65d8b	GET	/notes	http://localhost:3000
20230319	19:01:22	2b59d0e4-ba2e-4c60-8568-3e8a0d7ff64b	OPTIONS	/notes	http://localhost:3000
20230319	19:01:22	ff5851cc-46be-40da-bbbb-0752a123de28	GET	/notes	http://localhost:3000
20230319	19:01:38	79c40071-d86d-49ab-910d-d41512a2f3f5	OPTIONS	/notes	http://localhost:3000
20230319	19:01:38	0130c0c9-78ec-4f31-950e-6471c72450d7	GET	/notes	http://localhost:3000
20230319	19:01:54	44e1b833-30af-4d29-a054-3552052a86a5	OPTIONS	/notes	http://localhost:3000
20230319	19:01:54	d1f236e9-59ea-473d-ad71-ef39617574b0	GET	/notes	http://localhost:3000
20230319	19:02:10	023cf4b2-6315-42f1-b056-eb070f01ed2c	OPTIONS	/notes	http://localhost:3000
20230319	19:02:10	2d2f77f6-1df0-4bbb-84e4-fe66493d67b9	GET	/notes	http://localhost:3000
20230319	19:02:26	7f092efa-edb4-4a0b-8d9d-61d4f6461974	OPTIONS	/notes	http://localhost:3000
20230319	19:02:26	68f05010-c34c-4614-8351-34369f6549e0	GET	/notes	http://localhost:3000
20230319	19:02:42	699543bf-d254-4e28-b8e2-be6df0c7caa6	OPTIONS	/notes	http://localhost:3000
20230319	19:02:42	f6b1764a-0417-489e-be96-99b7f211f893	GET	/notes	http://localhost:3000
20230319	19:02:58	d580ad40-9d47-4d16-b684-cbb0489ee0cc	OPTIONS	/notes	http://localhost:3000
20230319	19:02:58	6c9f5f9d-8e49-49ff-9d85-def681049c28	GET	/notes	http://localhost:3000
20230319	19:03:14	daf896f3-5ba0-412b-b456-a1ccc6e5ba28	OPTIONS	/notes	http://localhost:3000
20230319	19:03:14	d3f3daf6-edca-4e67-be52-30ba9c9e6c9f	GET	/notes	http://localhost:3000
20230319	19:03:30	ffc17ba3-3761-448d-a141-3aa04ad30e6a	OPTIONS	/notes	http://localhost:3000
20230319	19:03:30	1c520b8d-10dd-43ea-a4b8-05b97a569127	GET	/notes	http://localhost:3000
20230319	19:03:46	bfb5b7be-6b08-4a49-bc18-31fa9698abdc	OPTIONS	/notes	http://localhost:3000
20230319	19:03:46	c8f74eeb-8ad1-41be-b222-1697d22b55fa	GET	/notes	http://localhost:3000
20230319	19:04:02	0103fc6c-1b89-4c58-96af-adcaec0c8ba0	OPTIONS	/notes	http://localhost:3000
20230319	19:04:02	70748be4-5a09-4c52-bb05-c6bda044300e	GET	/notes	http://localhost:3000
20230319	19:04:18	d3ebb3a2-f3b9-43ba-a04b-6b9705590c40	OPTIONS	/notes	http://localhost:3000
20230319	19:04:18	f8504bd1-0a89-45a9-aa68-da279a3c27f2	GET	/notes	http://localhost:3000
20230319	19:04:34	fdbc3708-c517-4e19-b9e1-70ee2bdaf780	OPTIONS	/notes	http://localhost:3000
20230319	19:04:34	1ae77b25-552a-4ef7-810d-6a8b9884780e	GET	/notes	http://localhost:3000
20230319	19:04:50	857c0403-9735-40ae-9073-f8ac6c7774c6	OPTIONS	/notes	http://localhost:3000
20230319	19:04:50	62091d50-60c6-4dea-8ad5-1e0293ff1dad	GET	/notes	http://localhost:3000
20230319	19:05:06	4f02879f-476c-406a-983f-64dfab210c1c	OPTIONS	/notes	http://localhost:3000
20230319	19:05:06	47423c21-8593-4a50-b68c-f409c31091d7	GET	/notes	http://localhost:3000
20230319	19:05:22	b87f4616-4cc6-4116-81b9-34814e51de23	OPTIONS	/notes	http://localhost:3000
20230319	19:05:22	fa858039-64be-450d-a260-919572642b5e	GET	/notes	http://localhost:3000
20230319	19:05:38	43dd2e3a-142d-4657-9a3c-55867bf609e5	OPTIONS	/notes	http://localhost:3000
20230319	19:05:38	02ccfc8b-176a-47f5-9450-7d0c80e7c5fa	GET	/notes	http://localhost:3000
20230319	19:05:54	5eabbaca-7138-42d9-b0ad-85208587e910	OPTIONS	/notes	http://localhost:3000
20230319	19:05:54	9229ead7-8d8c-4afb-995c-76d2c5c269c9	GET	/notes	http://localhost:3000
20230319	19:06:10	ece72f20-6d6d-470a-90e5-c8dc05cb0fe2	OPTIONS	/notes	http://localhost:3000
20230319	19:06:10	29d74129-4e3f-455c-9ce8-e3ce6a265fb1	GET	/notes	http://localhost:3000
20230319	19:06:26	ceee12ca-91d8-477f-9716-232392137f0c	OPTIONS	/notes	http://localhost:3000
20230319	19:06:26	16a5c35a-6cf0-4cac-95d5-90a4c7fe3a26	GET	/notes	http://localhost:3000
20230319	19:06:42	e4763995-a8da-47a8-aed9-c8fc5420f8b3	OPTIONS	/notes	http://localhost:3000
20230319	19:06:42	483c2ae2-5a36-450b-ae88-33b56bf70d95	GET	/notes	http://localhost:3000
20230319	19:06:58	a3cc0496-8956-4146-a223-7f261e4f3571	OPTIONS	/notes	http://localhost:3000
20230319	19:06:58	12199e6a-12b8-4011-a38a-2fd79af2a5d1	GET	/notes	http://localhost:3000
20230319	19:07:14	3a10898b-cf35-40cb-9231-3917a1a86ff7	OPTIONS	/notes	http://localhost:3000
20230319	19:07:14	95c7c831-cb0f-4a52-8db4-e86f74635b05	GET	/notes	http://localhost:3000
20230319	19:07:30	b653e2f0-f337-41b7-8086-81c046981b28	OPTIONS	/notes	http://localhost:3000
20230319	19:07:30	a483b823-b887-46b1-bbe4-cc6542d6c21e	GET	/notes	http://localhost:3000
20230319	19:07:46	a288a690-de0d-4f59-afdf-c6650cd1b0af	OPTIONS	/notes	http://localhost:3000
20230319	19:07:46	cb24ed08-9ab2-4fa5-a15d-adc4fe518d9e	GET	/notes	http://localhost:3000
20230319	19:08:02	a5a7aa82-1ecb-44ab-8749-9ded0a034307	OPTIONS	/notes	http://localhost:3000
20230319	19:08:02	034284a0-880b-48e5-ad3b-26e619555351	GET	/notes	http://localhost:3000
20230319	19:08:18	35ee6a73-3cd6-4336-a278-a3d1ae5a0bee	OPTIONS	/notes	http://localhost:3000
20230319	19:08:18	097397f8-fa97-4811-9b35-d7ec0b8ab0ac	GET	/notes	http://localhost:3000
20230319	19:08:34	bf3db556-5ff0-435b-900a-b68d089ad35e	OPTIONS	/notes	http://localhost:3000
20230319	19:08:34	6afc8e9a-9936-4154-8c6f-f4b0a9cbeac3	GET	/notes	http://localhost:3000
20230319	19:08:50	6806a3ae-7b8c-4f1a-bf7c-257b29632d32	OPTIONS	/notes	http://localhost:3000
20230319	19:08:50	ad85bced-8970-45e9-a262-48e68767df41	GET	/notes	http://localhost:3000
20230319	19:09:06	8ff66dd6-36f9-4069-a63a-b4e921518daa	OPTIONS	/notes	http://localhost:3000
20230319	19:09:06	64423703-8687-42a2-b8e1-6b939637f052	GET	/notes	http://localhost:3000
20230319	19:09:22	86a3ad36-f85b-4ede-a7ba-0436d8faeeda	OPTIONS	/notes	http://localhost:3000
20230319	19:09:22	ee6a369e-5857-4872-8269-f371cb7c65b2	GET	/notes	http://localhost:3000
20230319	19:09:38	de30a7a5-2242-46ac-ad80-3973e8c61a37	OPTIONS	/notes	http://localhost:3000
20230319	19:09:38	c66e5bb2-f2b3-4b3a-ac73-ccfcd2f33494	GET	/notes	http://localhost:3000
20230319	19:09:54	8aa5f9af-9d2a-410e-a289-5ded504c61e3	OPTIONS	/notes	http://localhost:3000
20230319	19:09:54	a1c65417-3179-47d1-bb5c-6cbe8da8926a	GET	/notes	http://localhost:3000
20230319	19:10:10	bf07bf69-834d-4466-b02d-1dbfcb12d8fd	OPTIONS	/notes	http://localhost:3000
20230319	19:10:10	aee8ab3e-9a48-4f86-bd0e-69902fcbf6db	GET	/notes	http://localhost:3000
20230319	19:10:26	0fb151b4-af07-4eba-a40a-f3977eea538d	OPTIONS	/notes	http://localhost:3000
20230319	19:10:26	bcb2f950-434d-4211-9e00-c04332dd5cd1	GET	/notes	http://localhost:3000
20230319	19:10:42	0469a0e7-c57b-400f-9f7f-0ce479fa47cd	OPTIONS	/notes	http://localhost:3000
20230319	19:10:42	dcf1a903-867c-48f5-bd02-99f84352a7b1	GET	/notes	http://localhost:3000
20230319	19:10:58	ecde11f4-9c60-4b96-b7b0-11bde9c45529	OPTIONS	/notes	http://localhost:3000
20230319	19:10:58	960af7d5-c6e6-4e66-a401-97c1e6222de4	GET	/notes	http://localhost:3000
20230319	19:11:14	c80d870b-f18d-419f-bc3f-9b75bace571b	OPTIONS	/notes	http://localhost:3000
20230319	19:11:14	7c54c7c3-4852-429e-9a00-3488f7457138	GET	/notes	http://localhost:3000
20230319	19:11:30	dcc605d2-3f82-4452-9338-4e78bbddf930	OPTIONS	/notes	http://localhost:3000
20230319	19:11:30	d3bebdc0-7577-4e82-88a0-8d99c471508f	GET	/notes	http://localhost:3000
20230319	19:11:46	ad584484-37e4-43fe-b679-285ee4d6d22f	OPTIONS	/notes	http://localhost:3000
20230319	19:11:46	c3be0e98-242f-4829-b5af-3f1996bf6640	GET	/notes	http://localhost:3000
20230319	19:12:02	f6623f36-f923-4937-b2ca-a2009f0adb5f	OPTIONS	/notes	http://localhost:3000
20230319	19:12:02	ade40a57-635f-40d5-825b-47540c8eca0c	GET	/notes	http://localhost:3000
20230319	19:12:18	e255777e-2acd-4922-ad19-40c80b9251ba	OPTIONS	/notes	http://localhost:3000
20230319	19:12:18	d68b687f-6b0e-4a92-917f-0f6fbe80b3df	GET	/notes	http://localhost:3000
20230319	19:12:34	7612c034-ad50-4c61-876a-8e510c4a376c	OPTIONS	/notes	http://localhost:3000
20230319	19:12:34	4bb16b1c-8915-45c4-a1e7-65f6ec837ac6	GET	/notes	http://localhost:3000
20230319	19:12:50	b70853d5-a3b6-4f49-96e5-1e4623825b02	OPTIONS	/notes	http://localhost:3000
20230319	19:12:50	411c76a9-77b2-422b-966b-11699090be83	GET	/notes	http://localhost:3000
20230319	19:13:06	da1e001b-28b1-4098-898c-5bb24e4b8bf2	OPTIONS	/notes	http://localhost:3000
20230319	19:13:06	4fab4207-4be2-4829-8d8e-3cea96f35e1a	GET	/notes	http://localhost:3000
20230319	19:13:22	45ec8e17-c04c-433b-88dc-007374edcc48	OPTIONS	/notes	http://localhost:3000
20230319	19:13:22	198aab04-37ca-47ef-a1e9-90afa22ecfdc	GET	/notes	http://localhost:3000
20230319	19:13:38	b9cb7ad1-0c7f-4700-9c59-6a32dbff2c6b	OPTIONS	/notes	http://localhost:3000
20230319	19:13:38	a06d4faa-913a-4fdb-af55-91ccb638f264	GET	/notes	http://localhost:3000
20230319	19:13:54	86020cdd-a6c9-4c31-aa05-ed454886a01b	OPTIONS	/notes	http://localhost:3000
20230319	19:13:54	7d01d282-f71c-4b8e-98c6-ad46f84d3c5f	GET	/notes	http://localhost:3000
20230319	19:14:10	fa50d7cd-c475-4746-9cb5-ff52a9cd0433	OPTIONS	/notes	http://localhost:3000
20230319	19:14:10	eced4436-6676-4ccc-9625-ce2ca7a7be45	GET	/notes	http://localhost:3000
20230319	19:14:26	3c371785-b321-48ef-81f1-d77f54aeec77	OPTIONS	/notes	http://localhost:3000
20230319	19:14:26	f53fed7a-0918-4879-b30f-97b211b773d2	GET	/notes	http://localhost:3000
20230319	19:14:42	438f3af6-f276-4f6c-b55a-7091b13df56e	OPTIONS	/notes	http://localhost:3000
20230319	19:14:42	0396ce95-ddc0-4ece-b7fb-8099f3be9072	GET	/notes	http://localhost:3000
20230319	19:14:58	fef26eec-fe27-423b-a10e-632c4c780381	OPTIONS	/notes	http://localhost:3000
20230319	19:14:58	9ec96b80-9c67-4df2-97f0-2ba8d054f4a5	GET	/notes	http://localhost:3000
20230319	19:15:14	17b51678-9d46-4020-8931-b9f237d038ec	OPTIONS	/notes	http://localhost:3000
20230319	19:15:14	0090b4c3-9031-4b0b-a3db-e70d088d4c58	GET	/notes	http://localhost:3000
20230319	19:15:30	99c1396d-1bc1-41d8-acdc-a37268901493	OPTIONS	/notes	http://localhost:3000
20230319	19:15:30	d4588d6c-b58b-4257-bba7-2e2067121116	GET	/notes	http://localhost:3000
20230319	19:15:46	563dc181-10d3-4ab0-b6bd-e9573990e383	OPTIONS	/notes	http://localhost:3000
20230319	19:15:46	ebae1135-8665-49d6-9b91-6883185fc7b8	GET	/notes	http://localhost:3000
20230319	19:16:02	3baa83d6-0267-4162-bae6-8ce75a88b8e9	OPTIONS	/notes	http://localhost:3000
20230319	19:16:02	fdb062a2-bcf9-4715-b5cd-27dc278d0e0e	GET	/notes	http://localhost:3000
20230319	19:16:18	273439db-b373-44b6-8175-0a7676bf2f63	OPTIONS	/notes	http://localhost:3000
20230319	19:16:18	c179dc91-8cfe-470f-a7da-609a4d207034	GET	/notes	http://localhost:3000
20230319	19:16:34	e4374794-bc6e-4e4e-998a-15736e2fedad	OPTIONS	/notes	http://localhost:3000
20230319	19:16:34	ad8991a0-0954-409d-9e89-e9503ea60914	GET	/notes	http://localhost:3000
20230319	19:16:50	56bb4620-7cd9-43a5-a989-05fee289f4bd	OPTIONS	/notes	http://localhost:3000
20230319	19:16:50	273c0255-1d34-4d93-a5b9-9063cd11637f	GET	/notes	http://localhost:3000
20230319	19:17:06	43e407d9-97a9-4c99-86cc-fdc0246e79ea	OPTIONS	/notes	http://localhost:3000
20230319	19:17:06	fb974e11-6b9f-48ac-878a-bc11a7293a99	GET	/notes	http://localhost:3000
20230319	19:17:22	21cfea09-6964-4630-8532-d8ad73a2f84b	OPTIONS	/notes	http://localhost:3000
20230319	19:17:22	49f997b6-2111-47d2-9fb0-26612c0f06aa	GET	/notes	http://localhost:3000
20230319	19:17:38	289a3a2b-3342-4077-8264-c359a68e5042	OPTIONS	/notes	http://localhost:3000
20230319	19:17:38	8b09eb79-6e87-4fb5-ae53-531ca1e98c36	GET	/notes	http://localhost:3000
20230319	19:17:54	a0b373d1-6d73-4b9b-bcf3-47be7f4af395	OPTIONS	/notes	http://localhost:3000
20230319	19:17:54	bc9c0ee4-7842-4be9-b530-d59889eb2f49	GET	/notes	http://localhost:3000
20230319	19:18:10	bea4681d-6a0e-42a1-a895-c267be01e210	OPTIONS	/notes	http://localhost:3000
20230319	19:18:10	5c1f1b6a-f4c2-442a-83e0-2e2f39eac482	GET	/notes	http://localhost:3000
20230319	19:18:26	082abcce-9b08-42ec-82c6-59b3c3c7f488	OPTIONS	/notes	http://localhost:3000
20230319	19:18:26	f8285f44-032f-4282-98fd-4222ac570ee1	GET	/notes	http://localhost:3000
20230319	19:18:42	f70737ee-0c26-4b7d-af4a-f7516d3c92d6	OPTIONS	/notes	http://localhost:3000
20230319	19:18:42	bb2f8657-882d-4aa3-bd17-1c9d919b279a	GET	/notes	http://localhost:3000
20230319	19:18:58	fafc4ab5-15d6-429d-9983-150e66e75ebe	OPTIONS	/notes	http://localhost:3000
20230319	19:18:58	f547c92d-52f4-4c97-aa0a-2cd423494cca	GET	/notes	http://localhost:3000
20230319	19:19:14	19feb491-da55-4434-9660-d4974ad3f345	OPTIONS	/notes	http://localhost:3000
20230319	19:19:14	44b161a2-b9bb-4c0a-ab78-0c2b77d4105a	GET	/notes	http://localhost:3000
20230319	19:19:30	7f07812b-293e-4a00-97cb-576eb26c9e59	OPTIONS	/notes	http://localhost:3000
20230319	19:19:30	ac83cfa5-a1f8-4720-b23a-88113b01a3df	GET	/notes	http://localhost:3000
20230319	19:19:46	1e49a7c8-cb5e-4c51-82d6-cd38c605e4a0	OPTIONS	/notes	http://localhost:3000
20230319	19:19:46	8dbc53bb-55e7-4838-8891-d1a96616784b	GET	/notes	http://localhost:3000
20230319	19:20:02	646aa3ff-81f5-4a11-89bc-16389e6bad1a	OPTIONS	/notes	http://localhost:3000
20230319	19:20:02	4d1a3049-e99e-4e3a-aba2-724cf433b793	GET	/notes	http://localhost:3000
20230319	19:20:18	b53dd0e4-b176-4942-aac4-41bcfbca287c	OPTIONS	/notes	http://localhost:3000
20230319	19:20:18	ec9d075a-59e4-4497-b456-bddcc44f67ca	GET	/notes	http://localhost:3000
20230319	19:20:34	10fc8e81-9b67-4709-a670-160a7274d041	OPTIONS	/notes	http://localhost:3000
20230319	19:20:34	6fa9126f-12a7-4fa4-8de1-5ecaeafb8fa5	GET	/notes	http://localhost:3000
20230319	19:20:50	457e10f8-2cfd-4016-b05d-05e401c41536	OPTIONS	/notes	http://localhost:3000
20230319	19:20:50	fb7769fa-dd44-4045-878c-a40d63f02f8c	GET	/notes	http://localhost:3000
20230319	19:21:06	14bffb37-d92f-4053-ae16-bb0728014071	OPTIONS	/notes	http://localhost:3000
20230319	19:21:06	32437a3e-7021-4b08-a6b8-5294a0a2a6d7	GET	/notes	http://localhost:3000
20230319	19:21:22	30eb1ac0-2833-40ef-9128-30ea200aaf85	OPTIONS	/notes	http://localhost:3000
20230319	19:21:22	f4b47fa0-b5ba-4aaf-8106-0cfc5f20e372	GET	/notes	http://localhost:3000
20230319	19:21:38	32205a3f-3389-4a62-84bd-1c873acd6a5b	OPTIONS	/notes	http://localhost:3000
20230319	19:21:38	acd27c53-bbcf-46ec-b0f4-03efd054febf	GET	/notes	http://localhost:3000
20230319	19:21:54	374ca762-57cb-4aa9-9cc7-6191f054c3f5	OPTIONS	/notes	http://localhost:3000
20230319	19:21:54	7ef36874-78ee-434e-99f5-8598f11c0738	GET	/notes	http://localhost:3000
20230319	19:22:10	54df0ae3-7655-4f2c-a88d-1df3f390ee39	OPTIONS	/notes	http://localhost:3000
20230319	19:22:10	1c65a3d3-d873-4bb8-b86f-a3ec8d807532	GET	/notes	http://localhost:3000
20230319	19:22:26	aba42bc6-67a8-4a01-aff8-963e01ed6f5b	OPTIONS	/notes	http://localhost:3000
20230319	19:22:26	b3da1271-e109-43f2-83c8-c676a591968d	GET	/notes	http://localhost:3000
20230319	19:22:42	8e5adc39-bf72-44e1-af0b-fbbe3de7a9df	OPTIONS	/notes	http://localhost:3000
20230319	19:22:42	82afa515-97cd-4f0e-a888-43b9380451a7	GET	/notes	http://localhost:3000
20230319	19:22:58	8b49c58a-3c6d-4789-b433-adf8c3a60930	OPTIONS	/notes	http://localhost:3000
20230319	19:22:58	b0bc88a9-5de7-4c67-b194-3b9db63079ed	GET	/notes	http://localhost:3000
20230319	19:23:14	7334f805-dcac-4006-8719-040bbeac4bad	OPTIONS	/notes	http://localhost:3000
20230319	19:23:14	5a42b3e4-cf7e-45b6-a487-e88f2b7350ea	GET	/notes	http://localhost:3000
20230319	19:23:30	1184f115-2e32-43e5-b074-0725eaffaa65	OPTIONS	/notes	http://localhost:3000
20230319	19:23:30	9ffe466e-4540-47a4-8d27-a844beb14324	GET	/notes	http://localhost:3000
20230319	19:23:46	ad3c8c6a-7286-45af-be10-25319a34f879	OPTIONS	/notes	http://localhost:3000
20230319	19:23:46	c4da3617-1ec8-4218-8257-1fbf49138b2d	GET	/notes	http://localhost:3000
20230319	19:24:02	816b1412-e43b-4e78-938f-954d86a8c8ff	OPTIONS	/notes	http://localhost:3000
20230319	19:24:02	818b6b3a-bff6-4ffd-abaf-cafdb215696b	GET	/notes	http://localhost:3000
20230319	19:24:18	69934851-a59a-4c4b-b17a-e90a4564177d	OPTIONS	/notes	http://localhost:3000
20230319	19:24:18	d00992e2-6f8f-494f-a13e-6f3f453be203	GET	/notes	http://localhost:3000
20230319	19:24:34	0832ae8a-1b2e-419c-b0e4-37ecd1b6b360	OPTIONS	/notes	http://localhost:3000
20230319	19:24:34	bbbf7f5a-9ff1-4756-a7b5-096eaf0c8ef8	GET	/notes	http://localhost:3000
20230319	19:24:50	4ac68267-9735-488a-bc0b-f2ea97405168	OPTIONS	/notes	http://localhost:3000
20230319	19:24:50	916bf34f-ff0d-44f9-b092-1ba5b0de7c23	GET	/notes	http://localhost:3000
20230319	19:25:06	08cbc5e5-dd9a-49d7-9bec-7dca01f02d9d	OPTIONS	/notes	http://localhost:3000
20230319	19:25:06	f7f558aa-8d92-4ccb-9d7c-0d548f4dec0c	GET	/notes	http://localhost:3000
20230319	19:25:22	cbff5d7f-9be2-4be6-bf29-da79bf5ca15c	OPTIONS	/notes	http://localhost:3000
20230319	19:25:22	39d48267-0d5d-4c0e-af54-f63e49108370	GET	/notes	http://localhost:3000
20230319	19:25:38	02bcf199-a2d9-46bb-895b-0c616281953e	OPTIONS	/notes	http://localhost:3000
20230319	19:25:38	65cadb2c-51e9-430d-abe0-201cb61c23fd	GET	/notes	http://localhost:3000
20230319	19:25:54	d9d76dfc-1041-46fb-9324-d1af6b02116f	OPTIONS	/notes	http://localhost:3000
20230319	19:25:54	d7aa25b6-e521-4945-8e16-9dc4721f00e3	GET	/notes	http://localhost:3000
20230319	19:26:10	2c1f838f-d189-4cd2-8076-39fbc151ff20	OPTIONS	/notes	http://localhost:3000
20230319	19:26:10	c2033203-a008-48e1-ac1a-716ff386d0dd	GET	/notes	http://localhost:3000
20230319	19:26:26	3c281033-9254-4d4f-9ed1-82dc5614e8c0	OPTIONS	/notes	http://localhost:3000
20230319	19:26:26	233dea67-ba22-44ef-be46-8ea3a91f3ce0	GET	/notes	http://localhost:3000
20230319	19:26:42	9ff943f4-a517-4360-831a-445b4be3ada7	OPTIONS	/notes	http://localhost:3000
20230319	19:26:42	c8e2e490-5970-41e5-bb7e-e66a446c775e	GET	/notes	http://localhost:3000
20230319	19:26:58	5ccb18a6-8c34-48f9-8314-6b3e7b26bd29	OPTIONS	/notes	http://localhost:3000
20230319	19:26:58	428dbc6a-a88d-4185-bf45-b300ef4e9994	GET	/notes	http://localhost:3000
20230319	19:27:14	85ee1c0f-f905-41f7-8cfc-aa486612e772	OPTIONS	/notes	http://localhost:3000
20230319	19:27:14	bf9c587b-d560-43c9-8c23-51d3f16a6aae	GET	/notes	http://localhost:3000
20230319	19:27:30	d494c102-4185-4ff8-afe6-22f3bcab3b4d	OPTIONS	/notes	http://localhost:3000
20230319	19:27:30	f42e0ba6-4d25-4b90-914f-6cd4031bf66b	GET	/notes	http://localhost:3000
20230319	19:27:46	cac2d588-6361-476c-9409-0ac4110ec92a	OPTIONS	/notes	http://localhost:3000
20230319	19:27:46	45c33e55-bfd7-4cfe-8862-c2abb74d28cc	GET	/notes	http://localhost:3000
20230319	19:28:02	64508efa-18a7-4d13-bf41-188db466fbed	OPTIONS	/notes	http://localhost:3000
20230319	19:28:02	e7762876-d742-41eb-80b8-303057ea34d5	GET	/notes	http://localhost:3000
20230319	19:28:18	7e17b393-c6a3-4d96-8fbc-779755e38d01	OPTIONS	/notes	http://localhost:3000
20230319	19:28:18	9bd860ef-2fec-4e71-bbae-c3b94459f25a	GET	/notes	http://localhost:3000
20230319	19:28:23	9d8a7ff6-c2d1-44d2-b91d-1fa00f2d149e	GET	/notes	http://localhost:3000
20230319	19:28:33	063eb334-7d4e-43e1-abda-031912177f7a	OPTIONS	/notes	http://localhost:3000
20230319	19:28:33	3594b23f-559c-45f2-afc2-78d1bb017e89	PATCH	/notes	http://localhost:3000
20230319	19:28:33	1f33b083-345d-4f8e-9dba-4b6a357ec281	OPTIONS	/auth/refresh	http://localhost:3000
20230319	19:28:33	359d3b54-6c83-46e1-ac29-65442853cfba	GET	/auth/refresh	http://localhost:3000
20230319	19:28:34	76992e98-80e3-45a2-bc9b-6bb52ed44dc6	PATCH	/notes	http://localhost:3000
20230319	19:28:34	80a8ede8-2937-4633-a3e1-277e283f5fcf	GET	/notes	http://localhost:3000
20230319	20:05:23	d616ce6d-6209-4d46-92af-fb946752e3eb	OPTIONS	/rapor?page=1	http://localhost:3000
20230319	20:05:23	cfe43e17-41bb-4a40-855b-e4401aad10f1	GET	/rapor?page=1	http://localhost:3000
20230319	20:05:23	c3b03781-0fba-4115-8f16-c2a0e1cd7368	OPTIONS	/auth/refresh	http://localhost:3000
20230319	20:05:23	02ce590c-3c15-4bfa-b768-e19d2868fefc	GET	/auth/refresh	http://localhost:3000
20230319	20:05:23	2f6f4e9e-9dd1-42f4-895b-c281a0592589	GET	/rapor?page=1	http://localhost:3000
20230319	20:05:46	962001e9-4010-4e81-9359-ed8d51273dc6	OPTIONS	/rapor	http://localhost:3000
20230319	20:05:46	f1211b11-7000-4927-ae91-5e3fbb71bd95	PATCH	/rapor	http://localhost:3000
20230319	20:05:46	dbb272bc-907b-4fce-affc-6d29b38d6767	OPTIONS	/notes	http://localhost:3000
20230319	20:05:46	247d0d05-8003-4236-a338-3a1d8e76cbca	OPTIONS	/rapor?page=1	http://localhost:3000
20230319	20:05:46	55e77670-472a-47db-ac2f-fd6590a1f570	GET	/rapor?page=1	http://localhost:3000
20230319	20:05:46	8f9a4658-035b-476b-8aae-56089f54b74c	GET	/notes	http://localhost:3000
20230319	20:06:24	1353f9c6-cf34-476a-a352-2d0334ae361e	OPTIONS	/rapor	http://localhost:3000
20230319	20:06:24	588546fb-f392-4ec7-8a1b-836c338e24bc	PATCH	/rapor	http://localhost:3000
20230319	20:06:25	1585aec7-65ef-49ea-8c33-2a166709fa73	OPTIONS	/notes	http://localhost:3000
20230319	20:06:25	6c51c99b-c387-4c85-a660-1ea54b9cc69c	OPTIONS	/rapor?page=1	http://localhost:3000
20230319	20:06:25	a5e20fed-fd42-41ef-a955-f8ba93338e31	GET	/notes	http://localhost:3000
20230319	20:06:25	0a1b1797-5f95-4e81-8a6d-fdece6ec67ae	GET	/rapor?page=1	http://localhost:3000
20230319	20:07:13	f1c7c7f5-2ad1-44fa-b699-033059d00cbd	OPTIONS	/notes	http://localhost:3000
20230319	20:07:13	ce6ef9ba-69ca-4ba6-8cb9-169c45c7ffe1	GET	/notes	http://localhost:3000
20230319	20:07:23	558fd87b-101d-42b7-8021-7166bd03fbd2	OPTIONS	/notes	http://localhost:3000
20230319	20:07:23	5f772a7d-4f0f-466c-bb64-74edded71edc	PATCH	/notes	http://localhost:3000
20230319	20:07:23	08d3173a-18dd-4310-979c-0afe6969f2d0	GET	/notes	http://localhost:3000
20230319	20:07:36	8f31f6c3-db4c-4ff9-90c9-08f92887757c	OPTIONS	/notes	http://localhost:3000
20230319	20:07:36	f013dc0a-6019-4f7a-9494-ada8b6cea4f1	PATCH	/notes	http://localhost:3000
20230319	20:07:36	8fef60c6-f19c-496a-8187-ea11fa5eb1f7	GET	/notes	http://localhost:3000
20230319	20:07:49	bd551795-6c8a-4ff7-a77b-7fc23867122c	OPTIONS	/notes	http://localhost:3000
20230319	20:07:49	1f6107fa-9b93-4c1a-a634-71782a0adcd9	PATCH	/notes	http://localhost:3000
20230319	20:07:49	79c196fd-886a-43e6-9b66-ca79f891208f	GET	/notes	http://localhost:3000
20230319	20:08:05	44e5ecce-6f3b-447e-8d67-5410a5969f6c	OPTIONS	/notes	http://localhost:3000
20230319	20:08:05	84cd6549-c91c-4a85-afe1-b3e5b56c561d	GET	/notes	http://localhost:3000
20230319	20:08:20	bac5e21e-c687-4790-8b6b-0d0c37544bc8	OPTIONS	/notes	http://localhost:3000
20230319	20:08:20	5a6a9dc2-eb7c-4ba8-9388-07d638ac91d0	GET	/notes	http://localhost:3000
20230319	20:08:22	9ddd3024-355a-434c-823b-5995c4fb5fdf	GET	/notes	http://localhost:3000
20230319	20:08:41	8edda984-5467-416d-b6b5-6c407c300b00	OPTIONS	/notes	http://localhost:3000
20230319	20:08:41	97120bc9-4f86-4152-b00a-0c045160bf07	PATCH	/notes	http://localhost:3000
20230319	20:08:41	4e92be0d-e53f-419b-9096-c81028dac8f3	GET	/notes	http://localhost:3000
20230319	20:08:58	c87214da-93b7-494c-9034-ad18d86353c3	OPTIONS	/notes	http://localhost:3000
20230319	20:08:58	47f7de9b-561f-4a87-954e-c162436cbd74	PATCH	/notes	http://localhost:3000
20230319	20:08:58	1e50f428-1f15-440c-81ed-86cfed92ef5f	GET	/notes	http://localhost:3000
20230319	20:10:09	b192f20c-124e-485c-a1fd-ff41884158e6	GET	/auth/refresh	http://localhost:3000
20230319	20:10:09	f2831625-1417-4cf3-b3f5-ca2247a142e6	OPTIONS	/notes	http://localhost:3000
20230319	20:10:09	da016896-e10e-4162-bbe9-6115345bdaea	OPTIONS	/users	http://localhost:3000
20230319	20:10:09	d9558d4c-297c-468d-993c-dbd4710e6587	GET	/notes	http://localhost:3000
20230319	20:10:09	e6018ce1-60f0-4e98-b052-ec4a8b97d717	GET	/users	http://localhost:3000
20230319	20:10:13	b8345b86-ab4c-438c-b909-900572aaf166	OPTIONS	/notes	http://localhost:3000
20230319	20:10:13	cd04c3b7-a66d-43f5-be5f-2e599bbb0d48	PATCH	/notes	http://localhost:3000
20230319	20:10:14	b1687137-331d-4e64-ba2d-7935517a1e7c	GET	/notes	http://localhost:3000
20230319	20:10:24	936c568c-9406-4b93-8881-1320c25251eb	OPTIONS	/notes	http://localhost:3000
20230319	20:10:24	740fc1db-a259-4936-82e1-52bda4f7bbae	PATCH	/notes	http://localhost:3000
20230319	20:10:25	c59f4fcb-240f-486a-b46a-c15d823a6897	GET	/notes	http://localhost:3000
20230319	20:11:19	945ef041-6954-499b-a41b-810bfa1f9784	GET	/auth/refresh	http://localhost:3000
20230319	20:11:19	7dfa6e80-c83d-4e06-9872-2f59547a0279	OPTIONS	/notes	http://localhost:3000
20230319	20:11:19	615946d3-bb08-474a-9cf5-bc0a0ab64a7f	OPTIONS	/users	http://localhost:3000
20230319	20:11:19	f6fcedf6-e474-488f-a962-b475f5286e72	GET	/notes	http://localhost:3000
20230319	20:11:19	eb57ccff-e612-4b5d-9ec7-8415c5eba0a4	GET	/users	http://localhost:3000
20230319	20:11:23	825c2d7a-47c3-4b36-a0f8-0aa995f7dbce	OPTIONS	/notes	http://localhost:3000
20230319	20:11:23	bbd81c54-3f51-4a57-a8e4-0d41cc4d3674	PATCH	/notes	http://localhost:3000
20230319	20:11:24	46069cd3-5979-408b-8cfd-20f2671fd5de	GET	/notes	http://localhost:3000
20230319	20:13:54	5ae5c3e1-c0a0-4086-b61a-03c0491f5d56	GET	/auth/refresh	http://localhost:3000
20230319	20:13:55	06472e61-309b-4826-bb63-4353242a2de2	OPTIONS	/notes	http://localhost:3000
20230319	20:13:55	46734ca4-69ab-4d94-a8f1-5708cb293753	OPTIONS	/users	http://localhost:3000
20230319	20:13:55	d89482ca-7705-4bad-9a73-89f3cd2618cb	GET	/notes	http://localhost:3000
20230319	20:13:55	08b7a2d6-774d-434b-94d5-a67782cd05ed	GET	/users	http://localhost:3000
20230319	20:14:00	6ed44a73-5d4f-4c33-9b75-50e0bab72aa0	OPTIONS	/notes	http://localhost:3000
20230319	20:14:00	de261840-98c2-465f-afe2-a1a2c7ccc1cc	PATCH	/notes	http://localhost:3000
20230319	20:14:00	3bee2896-6630-47f6-a079-e6e0f25a4473	GET	/notes	http://localhost:3000
20230319	20:14:16	ab1fb560-8d4d-45e1-b5ea-1317ec6b3796	OPTIONS	/notes	http://localhost:3000
20230319	20:14:16	082c8c08-feba-4da4-9da4-0f89f4c028af	GET	/notes	http://localhost:3000
20230319	20:14:28	b6a6e012-609c-435a-bf49-ea544746debe	OPTIONS	/notes	http://localhost:3000
20230319	20:14:28	8fc54a13-8779-4584-811d-2765a1cf4978	PATCH	/notes	http://localhost:3000
20230319	20:14:28	3cde939b-63f9-424f-8f17-8b420dda3ce3	GET	/notes	http://localhost:3000
20230319	20:14:43	351e7e56-44f7-48a6-b65a-f46dd177de32	OPTIONS	/notes	http://localhost:3000
20230319	20:14:43	12c6fd55-c140-4d32-af4f-d77f9943b23e	GET	/notes	http://localhost:3000
20230319	20:14:59	e3af1e13-d381-4c36-ae0c-8f6b4026f10b	OPTIONS	/notes	http://localhost:3000
20230319	20:14:59	95075a1b-d5ee-4e64-b054-d011ce4cbd3a	GET	/notes	http://localhost:3000
20230319	20:15:15	4a1c0e49-41b6-46e5-89a0-71c85696d0b5	OPTIONS	/notes	http://localhost:3000
20230319	20:15:15	56a49eec-9f41-4c04-8104-962ab20b3664	GET	/notes	http://localhost:3000
20230319	20:15:31	5c5bae21-d12d-4ee5-860b-57eda0740bb1	OPTIONS	/notes	http://localhost:3000
20230319	20:15:31	3eba1004-1160-41e0-8f0a-1d3e25cfea81	GET	/notes	http://localhost:3000
20230319	20:15:47	013453f6-02f9-4de4-8fbb-13a7b88b0e10	OPTIONS	/notes	http://localhost:3000
20230319	20:15:47	366465a7-1685-478c-bb0e-0e091dbcf182	GET	/notes	http://localhost:3000
20230319	20:15:54	783351fa-0fe3-4d6a-92c7-d691d4d7f544	OPTIONS	/notes	http://localhost:3000
20230319	20:15:54	e929baad-a63a-4de2-9ec3-de362fd431f6	GET	/notes	http://localhost:3000
20230319	20:16:03	026d7911-e7db-46e4-a5e2-31a229abc473	OPTIONS	/rapor?page=1	http://localhost:3000
20230319	20:16:03	59fc2f5f-07b4-4d41-82ef-3c25ecf25604	GET	/rapor?page=1	http://localhost:3000
20230319	20:16:16	ce730693-ee07-4b3b-8cd6-d0dd9dfaac24	OPTIONS	/rapor	http://localhost:3000
20230319	20:16:16	7a1b49bd-eb7d-4e66-b3f0-2652d26b31ce	PATCH	/rapor	http://localhost:3000
20230319	20:16:16	05f26ac9-068d-42b1-979e-cd46cf0a28e0	OPTIONS	/notes	http://localhost:3000
20230319	20:16:16	9920de57-825c-4306-a0a0-22066d94b7b9	OPTIONS	/rapor?page=1	http://localhost:3000
20230319	20:16:16	ddffb49a-ce85-44a7-ba45-f413d5ce4ea7	GET	/rapor?page=1	http://localhost:3000
20230319	20:16:16	49d12eed-6765-4cc5-8ff5-eef96a44e83e	GET	/notes	http://localhost:3000
20230319	20:18:12	98fdb4ab-c40c-42a6-ab93-8ddedce399f7	OPTIONS	/rapor	http://localhost:3000
20230319	20:18:12	0c2f2cad-5892-471c-8146-520fcbd2fe2f	PATCH	/rapor	http://localhost:3000
20230319	20:18:13	81565b06-8bd8-4510-9c3a-93a6f3b50ecc	OPTIONS	/notes	http://localhost:3000
20230319	20:18:13	28a3d594-a553-4d2e-902a-ad99ed1ce649	OPTIONS	/rapor?page=1	http://localhost:3000
20230319	20:18:13	8f6ddc95-5914-4d56-b9c4-cbb229dd663a	GET	/notes	http://localhost:3000
20230319	20:18:13	6c922ec7-ca3e-4ab3-9f5c-b461f0b5e72f	GET	/rapor?page=1	http://localhost:3000
20230319	20:18:49	e5ba6c63-dbb8-4fad-9f59-e7abafa7328e	OPTIONS	/rapor	http://localhost:3000
20230319	20:18:49	2c0031e2-a860-4bae-bc2c-132e8ed34bfb	PATCH	/rapor	http://localhost:3000
20230319	20:18:49	9f994332-0aca-4848-a09d-98732b97b53b	OPTIONS	/notes	http://localhost:3000
20230319	20:18:49	b6d26b6a-358d-4d40-8117-f6a0b38a8b27	OPTIONS	/rapor?page=1	http://localhost:3000
20230319	20:18:49	f2644b33-5edc-4940-9c2d-d6984df26b6a	GET	/notes	http://localhost:3000
20230319	20:18:49	3350183d-6ee0-445e-a78b-541b9cec5102	GET	/rapor?page=1	http://localhost:3000
20230319	21:05:51	bc1167df-8ffd-4f42-8df1-7c72fee10cc8	OPTIONS	/notes	http://localhost:3000
20230319	21:05:51	a6c94430-9b3c-4baa-8766-ed7a37e70737	POST	/notes	http://localhost:3000
20230319	21:05:51	1ba63d78-fa5f-41ea-b839-4062713385ce	OPTIONS	/auth/refresh	http://localhost:3000
20230319	21:05:51	9b453f42-041a-4fa7-8181-ed7afb5a4346	GET	/auth/refresh	http://localhost:3000
20230319	21:05:51	a0fd611f-68f3-4206-b8b2-d91a58278fba	POST	/notes	http://localhost:3000
20230319	21:05:51	2ab0b760-789e-493c-96f3-fa1fcc41fec7	GET	/notes	http://localhost:3000
20230319	21:06:06	64d2f095-033a-433e-92d7-7447b22df2be	OPTIONS	/gumruk	http://localhost:3000
20230319	21:06:06	5e5c81d1-9116-42bb-b019-7efa36c4bafc	PATCH	/gumruk	http://localhost:3000
20230319	21:06:06	53b38e89-aab3-4cad-a405-26bf5cb8aeb8	OPTIONS	/notes	http://localhost:3000
20230319	21:06:06	510ccd5c-a1fd-4fb7-ac26-dae7fdd45fd3	GET	/notes	http://localhost:3000
20230319	21:06:14	ebdf203b-6c2c-4997-8ade-676ef8a36172	OPTIONS	/notes	http://localhost:3000
20230319	21:06:14	69839544-5202-484e-a441-1c329c4fc1d8	PATCH	/notes	http://localhost:3000
20230319	21:06:14	cfd86b68-84c4-4835-a8b8-f2d84980a86d	GET	/notes	http://localhost:3000
20230319	21:06:33	9c9897d7-0e2c-4c8e-9801-fd03a1ef93df	OPTIONS	/notes	http://localhost:3000
20230319	21:06:33	3e34813a-53fe-4ff7-8a25-ca24d6a3aed6	PATCH	/notes	http://localhost:3000
20230319	21:06:33	249b237a-5f84-4624-83a4-89d620831abc	GET	/notes	http://localhost:3000
20230319	21:06:45	9e17fb76-3eca-4481-b8eb-e0e47022b350	OPTIONS	/cikis	http://localhost:3000
20230319	21:06:45	022297f1-5905-4a4d-af38-5f161d8dee21	PATCH	/cikis	http://localhost:3000
20230319	21:06:45	b3c62dff-b6cf-408a-9855-e18380de7689	OPTIONS	/notes	http://localhost:3000
20230319	21:06:45	87b93b32-6849-4bd6-95db-3efda4d87a4c	GET	/notes	http://localhost:3000
20230319	21:06:47	d1b0cd6e-6e28-4ea3-b51c-bb2c36d9b8f7	OPTIONS	/rapor?page=1	http://localhost:3000
20230319	21:06:47	08645395-2b82-41dc-841e-8b67d61b4a8f	GET	/rapor?page=1	http://localhost:3000
20230319	21:07:22	7041b42e-8554-450a-984b-9f51ea0af774	OPTIONS	/rapor	http://localhost:3000
20230319	21:07:22	1115b21d-ee2e-4f87-90d5-1dda6fbef897	PATCH	/rapor	http://localhost:3000
20230319	21:07:23	2857281c-c307-4673-b066-4a4e38035404	OPTIONS	/notes	http://localhost:3000
20230319	21:07:23	3bf889ee-7559-489d-84ef-22035b9d9010	OPTIONS	/rapor?page=1	http://localhost:3000
20230319	21:07:23	4618d951-d67f-4589-9cc0-b7acfde68b0e	GET	/notes	http://localhost:3000
20230319	21:07:23	cf015f29-a8f4-475c-8e3b-e5b85daf71a6	GET	/rapor?page=1	http://localhost:3000
20230319	21:08:34	3e918250-5523-4937-80cd-01f645b88d30	OPTIONS	/notes	http://localhost:3000
20230319	21:08:34	4a913d72-491e-4f4d-8293-a8ce3c2cc618	DELETE	/notes	http://localhost:3000
20230319	21:08:34	6b38ca47-756b-4574-badc-4032ceb78100	GET	/notes	http://localhost:3000
20230319	21:08:34	1ec81af8-a63c-4108-8179-3c025821016c	OPTIONS	/rapor?page=1	http://localhost:3000
20230319	21:08:34	72c0219b-153b-4e30-8c3e-523e58c1ed0b	GET	/rapor?page=1	http://localhost:3000
20230319	21:08:36	9e7d6315-7e93-4307-b986-a5f3020d24b7	DELETE	/notes	http://localhost:3000
20230319	21:08:36	4c6d25e4-268c-4b11-ae32-8fe42e584bbc	GET	/notes	http://localhost:3000
20230319	21:08:36	0e2e7ae9-6b88-43cf-aa03-9872db4b768a	GET	/rapor?page=1	http://localhost:3000
20230319	21:08:38	0a9911f0-cbcf-4e8e-a3ff-081b8abe462f	DELETE	/notes	http://localhost:3000
20230319	21:08:38	606b96c0-cdca-4a88-ac27-1f152a4fc26b	GET	/notes	http://localhost:3000
20230319	21:08:38	ca86bf1c-5a36-4ffc-860a-eb1e7823fb0d	GET	/rapor?page=1	http://localhost:3000
20230319	21:08:39	ff50640d-af65-4916-8ab0-1e288ffa4425	OPTIONS	/notes	http://localhost:3000
20230319	21:08:39	3bc4c7d2-b0ec-4dad-9b6c-f697ee6b9036	DELETE	/notes	http://localhost:3000
20230319	21:08:40	69695209-5881-473f-ba22-43d4fa927eda	OPTIONS	/rapor?page=1	http://localhost:3000
20230319	21:08:40	66bde389-333e-40f2-81fe-0490e0d69835	GET	/notes	http://localhost:3000
20230319	21:08:40	8cd08e64-892b-4c93-8a5e-e58dbb6dbb44	GET	/rapor?page=1	http://localhost:3000
20230319	21:08:41	02285358-39d1-49a5-9599-6173b62d6bd7	DELETE	/notes	http://localhost:3000
20230319	21:08:41	3f7ada3a-4c17-4553-93a4-78d2fc839bf6	GET	/notes	http://localhost:3000
20230319	21:08:41	ad6e5b54-0a0f-4d9d-972d-a94143a9e9d6	GET	/rapor?page=1	http://localhost:3000
20230319	21:08:43	2b8dd989-684c-41ca-bb87-158d4ae25d32	DELETE	/notes	http://localhost:3000
20230319	21:08:43	96ce59a9-3e4e-4850-8c8b-090725c6fd04	GET	/notes	http://localhost:3000
20230319	21:08:43	163d9b14-9cc5-40a6-aebe-7f8523a73ac5	GET	/rapor?page=1	http://localhost:3000
20230319	21:08:44	1b0d64bb-ac35-4e1e-9656-e5e82b2f555d	OPTIONS	/notes	http://localhost:3000
20230319	21:08:44	263ddd85-1814-4719-a99c-5ed607443918	GET	/notes	http://localhost:3000
20230319	21:08:50	43fb5d8a-cd1c-4205-9f7e-6647f3d8e23b	OPTIONS	/notes	http://localhost:3000
20230319	21:08:50	f167689e-a928-4541-ba17-26012f746ad1	DELETE	/notes	http://localhost:3000
20230319	21:08:50	d93b7343-5dd3-41ce-83cd-e2031ea0857c	GET	/notes	http://localhost:3000
20230319	21:08:53	7e528764-38b0-460e-9c25-59c0d9325745	DELETE	/notes	http://localhost:3000
20230319	21:08:54	8aba407e-a4a4-4e26-b4ac-e86ea9ecb032	GET	/notes	http://localhost:3000
20230319	21:08:56	27d85cee-241a-4089-93ad-17071ea552f6	OPTIONS	/notes	http://localhost:3000
20230319	21:08:56	2ccab21f-0d5a-4863-a9a6-3cf796ad8d0c	DELETE	/notes	http://localhost:3000
20230319	21:08:57	46df6842-1ff5-4198-88db-072ea5db0d7e	GET	/notes	http://localhost:3000
20230319	21:08:59	5f12d080-1d33-41ab-8eb6-7383504b1c36	DELETE	/notes	http://localhost:3000
20230319	21:09:00	e7854898-f462-44c4-a85f-4071316142fc	GET	/notes	http://localhost:3000
20230319	21:09:03	64e7fc6d-114b-4b0c-be70-d5c09047a704	OPTIONS	/notes	http://localhost:3000
20230319	21:09:03	00b60370-f60f-44c0-89ac-b6ca50cfef3a	DELETE	/notes	http://localhost:3000
20230319	21:09:03	466252d4-9627-461c-a7ad-6b757eb3846f	GET	/notes	http://localhost:3000
20230319	21:09:12	54bb8a24-8522-4e24-9483-b4d46b370eb1	OPTIONS	/notes	http://localhost:3000
20230319	21:09:12	169cb96c-5111-41dc-802b-2b138542317b	POST	/notes	http://localhost:3000
20230319	21:09:12	6fceca40-af6d-483d-89a6-307ccc79391d	GET	/notes	http://localhost:3000
20230319	21:09:27	94b903ab-162f-4790-8beb-3ee877db5843	OPTIONS	/notes	http://localhost:3000
20230319	21:09:27	53a8d2be-05f1-4a07-8149-6369615390a1	GET	/notes	http://localhost:3000
20230319	21:09:43	90ba624c-4068-4037-a303-87011879ccb0	OPTIONS	/notes	http://localhost:3000
20230319	21:09:43	25a65c83-5aa7-48db-ab90-2f8ac58fb5ce	GET	/notes	http://localhost:3000
20230319	21:10:06	6e68ee75-ed8c-4c8a-a921-11ed18d3a087	OPTIONS	/notes	http://localhost:3000
20230319	21:10:06	db4abe70-395e-4b72-95f8-0ebee1127b42	GET	/notes	http://localhost:3000
20230319	21:10:19	64b4285d-7bc9-4e74-991a-c22924cd9116	OPTIONS	/notes	http://localhost:3000
20230319	21:10:19	38fe194c-3763-48a6-bb65-ce80ece90222	POST	/notes	http://localhost:3000
20230319	21:10:19	b56e96f1-a4bf-4e37-8f21-7d40b6cba669	GET	/notes	http://localhost:3000
20230319	21:10:35	6537edbe-055e-41f0-aaf0-7a87d9fd8ab7	OPTIONS	/notes	http://localhost:3000
20230319	21:10:35	66be9c34-0f3a-4b9e-9925-03c29f916ae5	GET	/notes	http://localhost:3000
20230319	21:10:43	28c4a5c9-2f9d-43c0-bd5c-7a3b0ba3d523	OPTIONS	/notes	http://localhost:3000
20230319	21:10:43	87e6c92b-513d-4f63-bcaa-1a245048f398	GET	/notes	http://localhost:3000
20230319	21:10:50	cc0b9498-365d-4087-b6c7-7a23c89fa3ff	OPTIONS	/notes	http://localhost:3000
20230319	21:10:50	54304afb-51df-407e-a02c-58eb7db90355	DELETE	/notes	http://localhost:3000
20230319	21:10:51	32a67f05-f1e5-4c09-bee7-730dd8f6a68a	GET	/notes	http://localhost:3000
20230319	21:11:06	eaf7d17c-d4c3-4cc9-b6e5-9e3983f266da	OPTIONS	/notes	http://localhost:3000
20230319	21:11:06	5df98862-8a6d-4562-9d89-2a70c5ce1c60	GET	/notes	http://localhost:3000
20230319	21:11:11	ddc2bd6d-bc7c-4af5-b287-d0b1d4fdc762	GET	/notes	http://localhost:3000
20230319	21:11:21	ae38a37e-2121-4a70-8e49-e9fbb2737ccd	OPTIONS	/notes	http://localhost:3000
20230319	21:11:21	e0a8af37-ce6f-40da-83e6-a10162471af3	PATCH	/notes	http://localhost:3000
20230319	21:11:21	145712ae-24b8-4c1f-876a-e747ab9f7efa	GET	/notes	http://localhost:3000
20230319	21:11:25	c85fd482-6093-42cf-a174-e53386f84b89	GET	/notes	http://localhost:3000
20230319	21:11:40	75c6fdf9-248d-48a4-9f35-cfeace7df5e2	OPTIONS	/notes	http://localhost:3000
20230319	21:11:40	56316ec3-d109-44fe-8df9-90e6d92f53cd	GET	/notes	http://localhost:3000
20230319	21:11:42	e29124ac-ae13-4292-a58a-04eb27fb1509	GET	/notes	http://localhost:3000
20230319	21:11:56	59549848-8063-4ed7-942b-f847c49f9209	OPTIONS	/gumruk	http://localhost:3000
20230319	21:11:56	f661f83f-ef77-4bec-9644-370ac3eb8e5b	PATCH	/gumruk	http://localhost:3000
20230319	21:11:56	2560baca-c242-495f-84ac-2851242d7d28	OPTIONS	/notes	http://localhost:3000
20230319	21:11:56	bb597457-b099-46a1-93b0-d8a18b2f40e2	GET	/notes	http://localhost:3000
20230319	21:12:04	6a148eaa-7a19-441f-a325-caf643d793cc	OPTIONS	/cikis	http://localhost:3000
20230319	21:12:04	a0fa7f0c-525d-4c09-80a9-cde5579a3dda	PATCH	/cikis	http://localhost:3000
20230319	21:12:04	3c85985d-06f7-4242-99d8-3a1498a351ed	OPTIONS	/notes	http://localhost:3000
20230319	21:12:04	f065f51b-5bd6-4f7b-b383-6ef437428607	GET	/notes	http://localhost:3000
20230319	21:12:06	451de5d9-3123-425b-906f-e530cf0909c2	OPTIONS	/rapor?page=1	http://localhost:3000
20230319	21:12:06	270ee054-0eef-493d-8643-5820af9b6411	GET	/rapor?page=1	http://localhost:3000
20230319	21:13:32	821b703c-03a3-4b0a-9477-d0e63c40c7ae	OPTIONS	/rapor	http://localhost:3000
20230319	21:13:32	27cc4b87-79da-491a-86d6-3e4adbf1af4e	PATCH	/rapor	http://localhost:3000
20230319	21:13:32	946615e0-4d42-4f82-9546-4533043f34ed	OPTIONS	/notes	http://localhost:3000
20230319	21:13:32	a086f19c-78f9-4f29-ab05-33e522876a55	OPTIONS	/rapor?page=1	http://localhost:3000
20230319	21:13:32	60b03d98-c842-457d-bf32-293fb0104930	GET	/notes	http://localhost:3000
20230319	21:13:32	812bcb46-fa23-4172-86a3-187e543216cc	GET	/rapor?page=1	http://localhost:3000
20230319	23:11:13	dad70a72-80ee-4f42-8dc6-0b1b84f5d7fb	OPTIONS	/notes	http://localhost:3000
20230319	23:11:13	a4028bcd-032c-4ca1-a7e2-288d425a9238	GET	/notes	http://localhost:3000
20230319	23:11:29	3e55ee8a-f36d-4883-b5ab-f01e79a87fb1	OPTIONS	/notes	http://localhost:3000
20230319	23:11:29	cf0309cf-dc0f-491f-b0c3-10403b6cb191	GET	/notes	http://localhost:3000
20230319	23:11:45	7ba3cbfd-fff5-4b33-ab01-04cab4664fd7	OPTIONS	/notes	http://localhost:3000
20230319	23:11:45	f75513af-fa0a-456d-a466-8f83b1ec81f8	GET	/notes	http://localhost:3000
20230319	23:12:01	243d8be9-fb6d-4267-849c-db0612fd2f8e	OPTIONS	/notes	http://localhost:3000
20230319	23:12:01	80a0e9f4-ef10-4b8c-9222-b3ca95db31dd	GET	/notes	http://localhost:3000
20230319	23:12:17	222094b3-13f2-4b7c-abe0-861469d58ce7	OPTIONS	/notes	http://localhost:3000
20230319	23:12:17	7c544e18-8830-4ed0-8dae-c3e7ee4168df	GET	/notes	http://localhost:3000
20230319	23:12:33	f267ce55-6796-48b9-a6d7-a8d90b917652	OPTIONS	/notes	http://localhost:3000
20230319	23:12:33	541882fa-2c59-4f73-8b50-eb89e90e064b	GET	/notes	http://localhost:3000
20230319	23:12:49	de8bbc40-32f3-42a5-8220-3517a2101681	OPTIONS	/notes	http://localhost:3000
20230319	23:12:49	1445b2aa-dcd6-4662-8830-e8470069cd2f	GET	/notes	http://localhost:3000
20230319	23:13:05	e14d76ad-c2f2-4c8e-b22e-254194edd5b8	OPTIONS	/notes	http://localhost:3000
20230319	23:13:05	6c0dddea-c86e-4413-953d-0ddf58212aee	GET	/notes	http://localhost:3000
20230319	23:13:21	96fe38ee-9fba-43ca-8ae1-292b58091fe1	OPTIONS	/notes	http://localhost:3000
20230319	23:13:21	abd23311-1f76-4ead-be14-e9fbff91a2fa	GET	/notes	http://localhost:3000
20230319	23:13:37	f37643be-dc7e-443f-bfa5-9d02b2d25018	OPTIONS	/notes	http://localhost:3000
20230319	23:13:37	501eac10-a0d3-430d-8d12-166d77a58f56	GET	/notes	http://localhost:3000
20230319	23:13:53	a92f70f6-737d-4bd3-b47f-f0a25d7d91b4	OPTIONS	/notes	http://localhost:3000
20230319	23:13:53	c72499bf-a465-4af5-a521-6d444705dc99	GET	/notes	http://localhost:3000
20230319	23:14:09	2b5b81f4-fe9d-4804-9f2d-7342013164c0	OPTIONS	/notes	http://localhost:3000
20230319	23:14:09	626a82bc-b38c-4bde-b9d5-55ac868dd868	GET	/notes	http://localhost:3000
20230319	23:14:25	b40ff470-123f-4116-9f5e-cdcfecb89fb9	OPTIONS	/notes	http://localhost:3000
20230319	23:14:25	29f993db-48b8-4566-b7f9-738c0c8b6563	GET	/notes	http://localhost:3000
20230319	23:14:41	f599ba2a-23ce-44de-b5f5-510af6e22566	OPTIONS	/notes	http://localhost:3000
20230319	23:14:41	623d3048-6067-4f81-9e1b-d0209d8c7317	GET	/notes	http://localhost:3000
20230319	23:14:57	7cc99d29-d2c9-47b6-9d38-0737007eb93a	OPTIONS	/notes	http://localhost:3000
20230319	23:14:57	4ad33487-b3bf-4e6c-86e5-af560a5cdd9e	GET	/notes	http://localhost:3000
20230319	23:15:13	6a2d650c-2a77-4cd5-9bf6-758a43f3a11e	OPTIONS	/notes	http://localhost:3000
20230319	23:15:13	feaad6c0-ada8-4278-959b-bed1b2436547	GET	/notes	http://localhost:3000
20230319	23:15:29	ab86d54a-794f-48fd-9689-e96ad3b54a6f	OPTIONS	/notes	http://localhost:3000
20230319	23:15:29	c6095dc9-c618-41e6-98d0-22d9e592e471	GET	/notes	http://localhost:3000
20230319	23:15:45	f168a353-6ec6-4be3-b3d0-035ed9370d76	OPTIONS	/notes	http://localhost:3000
20230319	23:15:45	8e48ca39-b1a2-4858-9db3-fc8e4a8a0bfc	GET	/notes	http://localhost:3000
20230319	23:16:01	fed5323e-93f7-470c-94b8-43864ff9e6b3	OPTIONS	/notes	http://localhost:3000
20230319	23:16:01	441db14a-315b-4413-a069-807803e13bbc	GET	/notes	http://localhost:3000
20230319	23:16:17	3a8c90c0-a782-48ea-bfe4-6965f96a8e9d	OPTIONS	/notes	http://localhost:3000
20230319	23:16:17	2972d1e4-40d7-440f-9b6d-b1bccdea541e	GET	/notes	http://localhost:3000
20230319	23:16:33	7b2b1032-a4ff-45a1-af51-34c45090ad49	OPTIONS	/notes	http://localhost:3000
20230319	23:16:33	87198453-58d1-4aa5-b5f3-9aec95c76b61	GET	/notes	http://localhost:3000
20230319	23:16:49	db500c81-39fd-454f-acce-9887445d6ebc	OPTIONS	/notes	http://localhost:3000
20230319	23:16:49	285ff438-b9d7-450e-8a3d-7aa2c70f696f	GET	/notes	http://localhost:3000
20230319	23:17:05	eb3e3f83-404c-495f-b0e5-ec7c2f224024	OPTIONS	/notes	http://localhost:3000
20230319	23:17:05	ab3502c2-9794-481b-88dc-f0e2e0e22355	GET	/notes	http://localhost:3000
20230319	23:17:21	27b1d263-0894-439e-8f55-adc6c3902cf7	OPTIONS	/notes	http://localhost:3000
20230319	23:17:21	606dca0d-3a7f-4d0e-af75-1b4ce31bdc7b	GET	/notes	http://localhost:3000
20230319	23:17:37	c27689e4-28fc-4f29-8886-87db1d9c12b8	OPTIONS	/notes	http://localhost:3000
20230319	23:17:37	701b8b7f-ce0c-4f20-8b28-1b10f971c07d	GET	/notes	http://localhost:3000
20230319	23:17:53	80d2f147-d635-465c-bc9d-0fb48a77b990	OPTIONS	/notes	http://localhost:3000
20230319	23:17:53	893064ae-f523-42e9-8cad-5d2f6ed8df3a	GET	/notes	http://localhost:3000
20230319	23:18:09	9a2c21e2-54d8-4501-9749-08f0e6ead1ea	OPTIONS	/notes	http://localhost:3000
20230319	23:18:09	e8bb1faf-4c9b-4a1a-af1e-0c83e616e688	GET	/notes	http://localhost:3000
20230319	23:18:25	971114a8-04c7-44a9-aeff-0d7c8d2ef099	OPTIONS	/notes	http://localhost:3000
20230319	23:18:25	f69879dd-0354-4a3f-a22a-88f32ca5e5ee	GET	/notes	http://localhost:3000
20230319	23:18:41	99f196cc-1998-4ecd-bce8-bbc8528e9aab	OPTIONS	/notes	http://localhost:3000
20230319	23:18:41	2e9fad82-32dd-4ac0-9099-79a007a8028f	GET	/notes	http://localhost:3000
20230319	23:18:57	4d164341-c3e7-4c82-8f2e-7a94af7b900e	OPTIONS	/notes	http://localhost:3000
20230319	23:18:57	9d4167cb-1a27-43fb-8594-e9d1a5b2c7ee	GET	/notes	http://localhost:3000
20230319	23:19:13	cc0439f9-6dc4-4dcb-b9e0-cb1f6848cf43	OPTIONS	/notes	http://localhost:3000
20230319	23:19:13	b0ae999b-a3a8-47d1-bf5b-7bdf0b56a302	GET	/notes	http://localhost:3000
20230319	23:19:29	75153843-cc11-4025-92bd-c6ecc148f34d	OPTIONS	/notes	http://localhost:3000
20230319	23:19:29	5a848c8c-56f3-49ab-975e-5cfcc46b9936	GET	/notes	http://localhost:3000
20230319	23:19:45	58c30898-b7ae-449d-a47d-8b1e9a84dbdf	OPTIONS	/notes	http://localhost:3000
20230319	23:19:45	c5ac1839-ad9e-4cf2-8204-a008d9696ca0	GET	/notes	http://localhost:3000
20230319	23:20:01	de8e95a6-89bb-476b-9edd-01d049b08080	OPTIONS	/notes	http://localhost:3000
20230319	23:20:01	cfc5d0ef-e344-4a3c-afcb-01a7c08c2a26	GET	/notes	http://localhost:3000
20230319	23:20:17	39f0232b-391d-4fb7-a2ab-0d7315487a86	OPTIONS	/notes	http://localhost:3000
20230319	23:20:17	425ca25f-a026-466e-8231-435ea36393f9	GET	/notes	http://localhost:3000
20230319	23:20:33	c5f2391c-5dbc-4fbc-a9ff-26113de7ad07	OPTIONS	/notes	http://localhost:3000
20230319	23:20:33	7d07c1ef-03cc-49f6-9e65-2a215e5ee46e	GET	/notes	http://localhost:3000
20230319	23:20:49	650b3e63-7a67-4ff0-93b4-439d490a8b03	OPTIONS	/notes	http://localhost:3000
20230319	23:20:49	9ae1a8eb-af1e-4c5b-8e24-b6b325e49ba6	GET	/notes	http://localhost:3000
20230319	23:21:05	d7f374f4-5328-4333-9eb7-316e2a9c7970	OPTIONS	/notes	http://localhost:3000
20230319	23:21:05	22170df3-dcea-40cb-96df-109d38ab7dcd	GET	/notes	http://localhost:3000
20230319	23:21:21	e475b236-e3ab-402e-8e7c-e4aff714c9bd	OPTIONS	/notes	http://localhost:3000
20230319	23:21:21	e1db594c-6232-4ad2-b1b9-54644fdbbe50	GET	/notes	http://localhost:3000
20230319	23:21:37	13070eb0-f9a1-4edc-b864-1f092825e590	OPTIONS	/notes	http://localhost:3000
20230319	23:21:37	20e9e967-2434-44b6-be03-3366c91c99c3	GET	/notes	http://localhost:3000
20230319	23:21:53	eecd5949-944f-4599-89f6-4d6591a893ea	OPTIONS	/notes	http://localhost:3000
20230319	23:21:53	0ae1d244-6e32-47d2-bb78-64f909c7ebb8	GET	/notes	http://localhost:3000
20230319	23:22:09	5c77e42a-a9e9-4358-8eb1-52adb01d711f	OPTIONS	/notes	http://localhost:3000
20230319	23:22:09	04a324c1-0fcb-4e28-89ee-36c2f0c4f1da	GET	/notes	http://localhost:3000
20230319	23:22:25	b785ec2e-aaff-48ab-9fb7-bd2140e2697d	OPTIONS	/notes	http://localhost:3000
20230319	23:22:25	35bdcee5-bf5f-4c4a-856b-dc5744c33dc6	GET	/notes	http://localhost:3000
20230319	23:22:41	4c00b52c-062a-476f-9abb-8f07637b3567	OPTIONS	/notes	http://localhost:3000
20230319	23:22:41	1bf85698-0c5a-41db-9c85-6ffbee4437b0	GET	/notes	http://localhost:3000
20230319	23:22:57	6d8d5951-dd7f-49cf-b789-812a028eaa5f	OPTIONS	/notes	http://localhost:3000
20230319	23:22:57	f98f15c6-22d2-4f1f-8370-287f2e6dd3af	GET	/notes	http://localhost:3000
20230319	23:23:13	1f951025-19e3-4ed9-8e3a-b476252840be	OPTIONS	/notes	http://localhost:3000
20230319	23:23:13	b3118aa3-9939-4e52-8174-b90921e7f5dc	GET	/notes	http://localhost:3000
20230319	23:23:29	f322b7a3-31e6-4280-8329-a7b402c71dba	OPTIONS	/notes	http://localhost:3000
20230319	23:23:29	a94b8621-a3a2-40e4-97b0-790a71e75c22	GET	/notes	http://localhost:3000
20230319	23:23:45	02671ba2-d209-41fa-b429-10134097de31	OPTIONS	/notes	http://localhost:3000
20230319	23:23:45	6ab95b2a-d943-463f-8828-c1e7f8667896	GET	/notes	http://localhost:3000
20230319	23:24:01	2f650258-261f-496c-b000-2ff117141b90	OPTIONS	/notes	http://localhost:3000
20230319	23:24:01	d64e6ff9-47fc-4788-934e-05cfb60c242e	GET	/notes	http://localhost:3000
20230319	23:24:17	dd56a663-cab6-4612-956d-5d359cee365f	OPTIONS	/notes	http://localhost:3000
20230319	23:24:17	1077a82a-124a-4414-8810-57bbe5f73c88	GET	/notes	http://localhost:3000
20230319	23:24:33	f381ca78-9e41-4e08-88ac-12db665e43f4	OPTIONS	/notes	http://localhost:3000
20230319	23:24:33	3cd38fe2-f97b-4614-9c01-b8bca190f742	GET	/notes	http://localhost:3000
20230319	23:24:49	c7f7d464-6c3d-445f-8cce-5f7ebae0eda8	OPTIONS	/notes	http://localhost:3000
20230319	23:24:49	5d291160-90c6-4542-9641-cd4f8e4d9b74	GET	/notes	http://localhost:3000
20230319	23:25:05	392df983-b390-4714-8c60-060a8b6eef18	OPTIONS	/notes	http://localhost:3000
20230319	23:25:05	020d79d6-2cd4-47d3-8fe4-8bd1828fdce7	GET	/notes	http://localhost:3000
20230319	23:25:21	b18b9476-8899-4e77-8eea-734994c52cab	OPTIONS	/notes	http://localhost:3000
20230319	23:25:21	15003ce3-d5f8-4419-ae7d-1609b4c4c82e	GET	/notes	http://localhost:3000
20230319	23:25:37	42818aaa-4a14-409c-881b-7471fdd6825b	OPTIONS	/notes	http://localhost:3000
20230319	23:25:37	4d63a69d-cd5e-4e0d-b42f-76c931082c6f	GET	/notes	http://localhost:3000
20230319	23:25:53	787e2e7e-bd16-4367-ab3a-2fe695dd69ad	OPTIONS	/notes	http://localhost:3000
20230319	23:25:53	c0bc3c58-da24-44c0-bf47-2fa001bb979d	GET	/notes	http://localhost:3000
20230319	23:26:09	e20b0ed0-b6fa-4b1b-9073-738bf0e09c9f	OPTIONS	/notes	http://localhost:3000
20230319	23:26:09	45256bfe-dd02-4252-8b46-400b800cc2d1	GET	/notes	http://localhost:3000
20230319	23:26:25	79302640-93ff-491a-b2aa-96b123dce446	OPTIONS	/notes	http://localhost:3000
20230319	23:26:25	9c39c594-7416-4ce0-83ec-f8db626ecbd4	GET	/notes	http://localhost:3000
20230319	23:26:41	be2baf54-1613-4b78-bbb1-ea755af2d42c	OPTIONS	/notes	http://localhost:3000
20230319	23:26:41	71c3f15a-4391-4dd2-bc84-54be6aec51ef	GET	/notes	http://localhost:3000
20230319	23:26:57	eeb86127-770e-4866-93b1-ba5a3c33e3ce	OPTIONS	/notes	http://localhost:3000
20230319	23:26:57	042c4507-0175-4d2c-bffc-caf76b3f9f7a	GET	/notes	http://localhost:3000
20230319	23:27:13	ac14203e-4c00-4418-a7aa-2ece25e289e7	OPTIONS	/notes	http://localhost:3000
20230319	23:27:13	e881a5d6-b720-4225-b9af-a917867bad3c	GET	/notes	http://localhost:3000
20230319	23:27:29	c7f885eb-8742-4064-850a-87734e092433	OPTIONS	/notes	http://localhost:3000
20230319	23:27:29	88a390df-07b9-4a0f-80e7-95ee7a99ea40	GET	/notes	http://localhost:3000
20230319	23:27:45	ee88629a-b514-44f7-85e5-671f1f077553	OPTIONS	/notes	http://localhost:3000
20230319	23:27:45	c8c19cfa-05a2-435a-b49c-74f2712de1b1	GET	/notes	http://localhost:3000
20230319	23:28:01	b2e0e4ec-a20c-45df-83b5-5bf42e59e880	OPTIONS	/notes	http://localhost:3000
20230319	23:28:01	2ef6fe41-00ff-4b92-8cb9-30243ccbbb39	GET	/notes	http://localhost:3000
20230319	23:28:17	14739b74-8ee9-444a-a064-ac3b2271c78e	OPTIONS	/notes	http://localhost:3000
20230319	23:28:17	303eb891-d543-4bcd-b1ad-63bc861ac953	GET	/notes	http://localhost:3000
20230319	23:28:33	03693716-1f18-4ba0-bbe7-8fdf5aaeda8e	OPTIONS	/notes	http://localhost:3000
20230319	23:28:33	3ec7eebc-c1c0-4f96-a52b-b3c940515223	GET	/notes	http://localhost:3000
20230319	23:28:49	2b986ff3-f6f9-4815-9548-ad6df82ef596	OPTIONS	/notes	http://localhost:3000
20230319	23:28:49	d53e7885-55d1-44f7-ae90-091b1b0ed1f9	GET	/notes	http://localhost:3000
20230319	23:29:05	43e7f1e2-e117-4375-85f3-8809c49bdc73	OPTIONS	/notes	http://localhost:3000
20230319	23:29:05	6b51f677-7d5a-4c7b-98bc-3da1fb9349bc	GET	/notes	http://localhost:3000
20230319	23:29:21	1e51af17-54d6-4230-9fa6-c2fb12237f8c	OPTIONS	/notes	http://localhost:3000
20230319	23:29:21	c4a9f567-ee82-4ece-b735-f97786c116c0	GET	/notes	http://localhost:3000
20230319	23:29:37	9e62126a-3a92-4159-b16b-e8b9b1f6f617	OPTIONS	/notes	http://localhost:3000
20230319	23:29:37	becd3c86-fd2b-4e82-ba3b-1bd6d8270ebd	GET	/notes	http://localhost:3000
20230319	23:29:53	b45c4583-4ab8-49cb-862f-c1440de7e136	OPTIONS	/notes	http://localhost:3000
20230319	23:29:53	afca3875-dd3c-4c90-880c-018cc7025b78	GET	/notes	http://localhost:3000
20230319	23:30:09	b17d119d-8a23-4c0e-b6d7-5b59dbc7625a	OPTIONS	/notes	http://localhost:3000
20230319	23:30:09	9438cdb1-6ac9-4175-bf3d-9de0a654313c	GET	/notes	http://localhost:3000
20230319	23:30:25	4926f6de-0d2c-4c06-96d0-45fbb8ec9769	OPTIONS	/notes	http://localhost:3000
20230319	23:30:25	4b043290-543c-43ec-ac82-cc226eca6364	GET	/notes	http://localhost:3000
20230319	23:30:41	0d65eed4-fcef-4e0d-a281-2c59d254013f	OPTIONS	/notes	http://localhost:3000
20230319	23:30:41	df2d98e2-878c-43df-9d4c-9e070d7863b9	GET	/notes	http://localhost:3000
20230319	23:30:57	5ce3c18d-c2ff-4c60-8570-a311a5026151	OPTIONS	/notes	http://localhost:3000
20230319	23:30:57	2a264385-f138-4a9b-baf1-6628f6e2af2e	GET	/notes	http://localhost:3000
20230319	23:31:13	de6c08e6-d08b-4cb8-86f5-06b82bf703c9	OPTIONS	/notes	http://localhost:3000
20230319	23:31:13	bceb45ee-4ceb-4826-a4f4-6d17e342a055	GET	/notes	http://localhost:3000
20230319	23:31:29	f6e03ac5-120d-40ed-a85a-89e749b36842	OPTIONS	/notes	http://localhost:3000
20230319	23:31:29	b5536783-6159-4b03-9ad0-3b709d49df46	GET	/notes	http://localhost:3000
20230319	23:31:45	ae8bf5a2-8f1e-48c0-ba5d-5bfb68f076ef	OPTIONS	/notes	http://localhost:3000
20230319	23:31:45	1e290212-c117-4d6a-9591-95939696d2c3	GET	/notes	http://localhost:3000
20230319	23:32:01	5bd02b50-a590-42d8-919d-656d946ce410	OPTIONS	/notes	http://localhost:3000
20230319	23:32:01	ddbdcf32-1939-4c2a-bae3-0cf60c49f4d8	GET	/notes	http://localhost:3000
20230319	23:32:17	2dc15f06-10b6-450d-a00a-f66579b3034e	OPTIONS	/notes	http://localhost:3000
20230319	23:32:17	9aa687da-1d58-4633-b772-1f451d2fd6c6	GET	/notes	http://localhost:3000
20230319	23:32:33	cbff9838-6e80-4ba4-8e15-f279fbc790a2	OPTIONS	/notes	http://localhost:3000
20230319	23:32:33	ccb7828e-b629-448c-adde-7941f3974f92	GET	/notes	http://localhost:3000
20230319	23:32:49	7c823cae-baed-4f45-adc1-01191a508458	OPTIONS	/notes	http://localhost:3000
20230319	23:32:49	0013c6f5-7222-48d8-b427-9bc672faf6cf	GET	/notes	http://localhost:3000
20230319	23:33:05	881701a6-3474-4294-bea6-397d27b08955	OPTIONS	/notes	http://localhost:3000
20230319	23:33:05	97ab355e-e740-4fd2-8065-0adba94f5693	GET	/notes	http://localhost:3000
20230319	23:33:21	eccf58b9-2103-40db-8733-2765283f4938	OPTIONS	/notes	http://localhost:3000
20230319	23:33:21	5d38784a-e9b7-4ffb-90f0-90485a024f13	GET	/notes	http://localhost:3000
20230319	23:33:37	d3e09690-8db5-46f9-94cb-aa849d9bc479	OPTIONS	/notes	http://localhost:3000
20230319	23:33:37	fc8f091c-bf6e-4498-b324-1ac74ff0a96b	GET	/notes	http://localhost:3000
20230319	23:33:53	57bb0fda-bfa8-4d59-8f21-180ab2e17481	OPTIONS	/notes	http://localhost:3000
20230319	23:33:53	35928c8c-ab07-42c6-b8dc-84e4e9e880e8	GET	/notes	http://localhost:3000
20230319	23:34:09	7da0b22b-9685-46ed-ae0b-c3fe2ba00d0a	OPTIONS	/notes	http://localhost:3000
20230319	23:34:09	7d446ced-302f-4a0a-b30a-bbabfbd7f0af	GET	/notes	http://localhost:3000
20230319	23:34:25	5bffb6ea-e6b6-499d-a2da-b553349f0658	OPTIONS	/notes	http://localhost:3000
20230319	23:34:25	d64e6da5-ac19-44f9-bc4e-9a51f2d4054f	GET	/notes	http://localhost:3000
20230319	23:34:41	e07d498f-f30e-411c-8361-4fd4c13322e7	OPTIONS	/notes	http://localhost:3000
20230319	23:34:41	4faa190d-29e4-430a-8b26-702ee5744e16	GET	/notes	http://localhost:3000
20230319	23:34:57	000d4570-b6c4-463a-b0d8-0fa10ea73468	OPTIONS	/notes	http://localhost:3000
20230319	23:34:57	44412ef1-74c4-4c16-85d0-85a691ab7e66	GET	/notes	http://localhost:3000
20230319	23:35:13	3890f827-8100-4e17-9e7d-db73abdd49d3	OPTIONS	/notes	http://localhost:3000
20230319	23:35:13	23752026-2a55-48ce-a34c-c5cbee3227e5	GET	/notes	http://localhost:3000
20230319	23:35:29	b0932deb-f9b2-4e33-9a78-968c214d2c90	OPTIONS	/notes	http://localhost:3000
20230319	23:35:29	ad3241af-f1c5-4f8c-94bf-56d67b30ab0d	GET	/notes	http://localhost:3000
20230319	23:35:45	f1ae5ce1-4ec7-45f5-94fb-747620600077	OPTIONS	/notes	http://localhost:3000
20230319	23:35:45	d34ab1f3-44cb-4694-bcf9-824a838cfc2d	GET	/notes	http://localhost:3000
20230319	23:36:01	b74d4a38-4b22-4f4e-ad06-873661b3034f	OPTIONS	/notes	http://localhost:3000
20230319	23:36:01	55b86669-82c1-4b3f-87b0-3f1509c99a9d	GET	/notes	http://localhost:3000
20230319	23:36:17	6e613b56-13a9-4bcf-964f-639a71bfbd51	OPTIONS	/notes	http://localhost:3000
20230319	23:36:17	a7f52598-6fdb-4b57-953e-52568d47fa0c	GET	/notes	http://localhost:3000
20230319	23:36:33	18bb8295-a187-4af0-89ae-7f76c48eccfa	OPTIONS	/notes	http://localhost:3000
20230319	23:36:33	dc7125e5-bafa-45ef-bc05-9ce30ce71558	GET	/notes	http://localhost:3000
20230319	23:36:49	5ec8bac7-e9dc-4dea-8aca-50e79d0038f7	OPTIONS	/notes	http://localhost:3000
20230319	23:36:49	06ecf4e7-03b2-4d10-9810-2ac16918de6c	GET	/notes	http://localhost:3000
20230319	23:37:05	1967f260-c715-4c79-834d-90f468d4233e	OPTIONS	/notes	http://localhost:3000
20230319	23:37:05	5b70ccb6-9ccc-43ac-9a59-eb030f353ab6	GET	/notes	http://localhost:3000
20230319	23:37:21	926d8b42-3f21-4db0-a04d-fa66e10abd8d	OPTIONS	/notes	http://localhost:3000
20230319	23:37:21	9c4c15d6-17c2-4789-884d-099c1ab54000	GET	/notes	http://localhost:3000
20230319	23:37:37	b3c85f02-8fcd-459f-9079-1fd8b1eece1d	OPTIONS	/notes	http://localhost:3000
20230319	23:37:37	9a7e8e35-c605-4e3a-a0e9-7fc57d7777df	GET	/notes	http://localhost:3000
20230319	23:37:53	e6169020-fc70-41e9-b155-df36b35a4f3b	OPTIONS	/notes	http://localhost:3000
20230319	23:37:53	74ed965a-f35d-4e6a-abef-d28835d72f45	GET	/notes	http://localhost:3000
20230319	23:38:09	7c61c845-d578-4182-bec9-d69c2280cdf3	OPTIONS	/notes	http://localhost:3000
20230319	23:38:09	e2a7cfd6-7119-4007-8b6c-aef7bf923029	GET	/notes	http://localhost:3000
20230319	23:38:25	1a655b9b-54b9-49e7-ba57-5e3a724fdeb4	OPTIONS	/notes	http://localhost:3000
20230319	23:38:25	8362ec67-45c3-4d27-a52a-f3cd6b05f67a	GET	/notes	http://localhost:3000
20230319	23:38:41	6e4e6cb0-0b95-4a03-925e-8bae09b08067	OPTIONS	/notes	http://localhost:3000
20230319	23:38:41	d42ea0bc-7335-42b9-b048-2cb5fdbf97ae	GET	/notes	http://localhost:3000
20230319	23:38:57	ba4abcba-aac0-48cd-89c3-121b02255321	OPTIONS	/notes	http://localhost:3000
20230319	23:38:57	927ed53b-4c48-4fa7-ae8a-c37da967cc53	GET	/notes	http://localhost:3000
20230319	23:39:13	6cef3bd8-bf8e-442e-a30c-18442016de2c	OPTIONS	/notes	http://localhost:3000
20230319	23:39:13	32aec8ec-9ee7-4743-ac12-a48287a90c12	GET	/notes	http://localhost:3000
20230319	23:39:29	c1223fe8-5a3c-4a26-bd3d-4c242e850739	OPTIONS	/notes	http://localhost:3000
20230319	23:39:29	b0195192-7039-4ab5-a619-e34c5d29f6fc	GET	/notes	http://localhost:3000
20230319	23:39:45	f22bd5c8-ddd7-46bf-b8cc-7570fe0861f8	OPTIONS	/notes	http://localhost:3000
20230319	23:39:45	8f679f7a-2a52-4d9e-bf65-c2676a3ecd29	GET	/notes	http://localhost:3000
20230319	23:40:01	bc7d0182-e2c3-451b-9e0c-fe7756c73be5	OPTIONS	/notes	http://localhost:3000
20230319	23:40:01	a4243a1e-f422-483b-9c47-e7aa36362fdc	GET	/notes	http://localhost:3000
20230319	23:40:17	82be2396-e1e6-4f8e-8203-cd9d170f0ed8	OPTIONS	/notes	http://localhost:3000
20230319	23:40:17	1e996a19-d73b-4271-8085-47cc16203f5d	GET	/notes	http://localhost:3000
20230319	23:40:33	710c84af-9bc5-4cb6-acf5-7303bcd8aa0d	OPTIONS	/notes	http://localhost:3000
20230319	23:40:33	5c14e247-d585-48f6-a403-c29c23d7420d	GET	/notes	http://localhost:3000
20230319	23:40:49	1f34edf2-2c15-4f23-a623-d4a9c9807802	OPTIONS	/notes	http://localhost:3000
20230319	23:40:49	79601a4e-d1d8-444e-894c-36813ee0f06f	GET	/notes	http://localhost:3000
20230319	23:41:05	0740340f-d541-4c1d-9781-43d5ad94599d	OPTIONS	/notes	http://localhost:3000
20230319	23:41:05	c9117595-1e51-4343-98b2-4869f272859f	GET	/notes	http://localhost:3000
20230319	23:41:21	52ac3dd2-9f27-4ff3-9f50-f37f34132444	OPTIONS	/notes	http://localhost:3000
20230319	23:41:21	bc58a31c-d513-4fe0-866b-47c4afb78eed	GET	/notes	http://localhost:3000
20230319	23:41:37	39f2d706-8f75-49da-b9e1-c8cc78e7b928	OPTIONS	/notes	http://localhost:3000
20230319	23:41:37	9aa7110d-2ed4-4d61-8e3c-db1a7378cada	GET	/notes	http://localhost:3000
20230319	23:41:53	1c94e268-5c02-4b8f-9b92-d5d16a80698e	OPTIONS	/notes	http://localhost:3000
20230319	23:41:53	392cdce6-6937-435b-bfee-f042ac56d30a	GET	/notes	http://localhost:3000
20230319	23:42:09	ea3e44ae-513f-42d9-b52e-aeb4f47839d2	OPTIONS	/notes	http://localhost:3000
20230319	23:42:09	4b8fe679-b0eb-4f8b-820a-270c2408473b	GET	/notes	http://localhost:3000
20230319	23:42:25	a4e3b64e-f051-4f1d-8938-fc44d1ccf721	OPTIONS	/notes	http://localhost:3000
20230319	23:42:25	37534bcf-f24d-4388-8cb0-cc7c3624b106	GET	/notes	http://localhost:3000
20230319	23:42:41	fc8008cb-7748-44bb-9637-866eae7bd93c	OPTIONS	/notes	http://localhost:3000
20230319	23:42:41	8654e7f3-597f-4774-92fe-2820de1bb3d9	GET	/notes	http://localhost:3000
20230319	23:42:57	e0f7322d-4e1c-4d50-9aeb-f03547eae908	OPTIONS	/notes	http://localhost:3000
20230319	23:42:57	a69f819e-e75a-435e-8e87-a7ac25c2042d	GET	/notes	http://localhost:3000
20230319	23:43:13	824009cf-c541-4a60-9bcc-26bcdfb34d95	OPTIONS	/notes	http://localhost:3000
20230319	23:43:13	3f9e52f0-9208-4e09-9376-057676f0d1e1	GET	/notes	http://localhost:3000
20230501	19:17:46	ead96593-9b5d-44c6-93b4-d0f8a5e05057	OPTIONS	/auth	http://localhost:3000
20230501	19:17:46	873b5ede-8823-4c11-b9d6-14583c7f43c1	POST	/auth	http://localhost:3000
20230501	19:17:46	45b0816a-9e9c-4f0b-989a-8f030709e57e	OPTIONS	/notes	http://localhost:3000
20230501	19:17:46	3e5dbefd-07a6-4b78-80a6-c50d766c4921	OPTIONS	/users	http://localhost:3000
20230501	19:17:46	332ff883-2a01-44a6-8f73-cf775dda43a8	GET	/notes	http://localhost:3000
20230501	19:17:46	51510eec-16fa-4778-aed3-93124277d03c	GET	/users	http://localhost:3000
20230501	19:17:47	5b515f1c-7cc8-43bd-a64e-ddcf21abfc64	OPTIONS	/rapor?page=1	http://localhost:3000
20230501	19:17:47	b60de0d5-01ac-4b5c-b414-9f2c7e9066b4	GET	/rapor?page=1	http://localhost:3000
20230501	19:17:57	084ec1f8-e0e1-4149-a356-bbf9f320bd9b	OPTIONS	/auth/logout	http://localhost:3000
20230501	19:17:57	cc7aad55-1bfc-4d4f-8eba-0273c79472a5	POST	/auth/logout	http://localhost:3000
20230501	19:18:01	b66f7a13-f0eb-4dab-b6df-4a2d61c9bb08	OPTIONS	/auth	http://localhost:3000
20230501	19:18:01	b3343376-b33a-44ca-90f1-8493d24fd6c3	POST	/auth	http://localhost:3000
20230501	19:18:01	ddd60ac8-2986-4a17-b190-afadf906877a	OPTIONS	/notes	http://localhost:3000
20230501	19:18:01	22cd615e-0dde-44d1-9377-8eb2033071f6	OPTIONS	/users	http://localhost:3000
20230501	19:18:01	ddd9f24f-7e19-4d15-b580-f14393f63688	GET	/notes	http://localhost:3000
20230501	19:18:01	02acac64-bcf1-462a-9986-d5384f8af2b9	GET	/users	http://localhost:3000
20230501	19:18:06	0299cf22-c0d7-4bc3-97d2-3c0a3e52eae9	OPTIONS	/auth/logout	http://localhost:3000
20230501	19:18:06	67a1c0ae-a52a-48c9-ba65-5f75b63edf22	POST	/auth/logout	http://localhost:3000
20230501	19:20:21	2b372a68-3641-454e-8ee8-6e98fc585211	OPTIONS	/auth	http://localhost:3000
20230501	19:20:21	0690b437-23c6-44f1-9214-13c10cbfd059	POST	/auth	http://localhost:3000
20230501	19:20:22	25a900d7-009c-46a1-952c-7042aae1c930	OPTIONS	/notes	http://localhost:3000
20230501	19:20:22	7bf82476-2eed-4c0f-8eb3-6684b5c0c981	OPTIONS	/users	http://localhost:3000
20230501	19:20:22	cb9237cc-f716-4eca-9e7b-1ab3540f1468	GET	/notes	http://localhost:3000
20230501	19:20:22	85820dce-d5b6-4f1a-bc5c-dde6efb0a3a4	GET	/users	http://localhost:3000
20230501	19:20:25	a9229a15-23d7-4639-bade-1ae351a8d2ba	OPTIONS	/rapor?page=1	http://localhost:3000
20230501	19:20:25	e524a54d-40f6-437b-93ac-4f3b0b543e37	GET	/rapor?page=1	http://localhost:3000
20230501	19:20:27	2a5dd986-35d5-492e-895e-be27ae8f3aa7	OPTIONS	/auth/logout	http://localhost:3000
20230501	19:20:27	eabd98c5-39de-48df-ada7-66d512f32030	POST	/auth/logout	http://localhost:3000
20230501	19:20:33	59c90b4b-7a85-47cc-a2c3-eec7d451a38a	OPTIONS	/auth	http://localhost:3000
20230501	19:20:33	a5f45ae1-846c-4b2f-958e-5d61bfd8bf14	POST	/auth	http://localhost:3000
20230501	19:20:34	e8473223-e035-4ff1-8eee-a81817f8f878	OPTIONS	/notes	http://localhost:3000
20230501	19:20:34	97da10e7-1323-4350-b92d-5aabdf4dfa79	OPTIONS	/users	http://localhost:3000
20230501	19:20:34	4e445478-ea50-4aa5-a767-0cb0185ec3ac	GET	/notes	http://localhost:3000
20230501	19:20:34	57b06514-be1b-4a08-93c7-b2ab4de567e7	GET	/users	http://localhost:3000
